Started by user [8mha:////4FN88H8RrhTBzIF+lJAjMLBc7u8Svt/xokmPCiLj+FzmAAAAlx+LCAAAAAAAAP9b85aBtbiIQTGjNKU4P08vOT+vOD8nVc83PyU1x6OyILUoJzMv2y+/JJUBAhiZGBgqihhk0NSjKDWzXb3RdlLBUSYGJk8GtpzUvPSSDB8G5tKinBIGIZ+sxLJE/ZzEvHT94JKizLx0a6BxUmjGOUNodHsLgAzWEgZu/dLi1CL9xJTczDwAj6GcLcAAAAA=[0madmin
Running as SYSTEM
Building in workspace /var/jenkins_home/workspace/Automacao
[WS-CLEANUP] Deleting project workspace...
[WS-CLEANUP] Deferred wipeout is used...
[WS-CLEANUP] Done
using credential 1bf809e4-0054-4d97-8a33-f8bdcd5cab43
Cloning the remote Git repository
Cloning repository https://gitlab.cast.com.br/datasus/hemovida/hemovida-web-testes
 > git init /var/jenkins_home/workspace/Automacao # timeout=10
Fetching upstream changes from https://gitlab.cast.com.br/datasus/hemovida/hemovida-web-testes
 > git --version # timeout=10
using GIT_ASKPASS to set credentials 
 > git fetch --tags --progress https://gitlab.cast.com.br/datasus/hemovida/hemovida-web-testes +refs/heads/*:refs/remotes/TESTE/*
 > git config remote.TESTE.url https://gitlab.cast.com.br/datasus/hemovida/hemovida-web-testes # timeout=10
 > git config --add remote.TESTE.fetch +refs/heads/*:refs/remotes/TESTE/* # timeout=10
 > git config remote.TESTE.url https://gitlab.cast.com.br/datasus/hemovida/hemovida-web-testes # timeout=10
Fetching upstream changes from https://gitlab.cast.com.br/datasus/hemovida/hemovida-web-testes
using GIT_ASKPASS to set credentials 
 > git fetch --tags --progress https://gitlab.cast.com.br/datasus/hemovida/hemovida-web-testes +refs/heads/*:refs/remotes/TESTE/*
 > git rev-parse refs/remotes/TESTE/master^{commit} # timeout=10
 > git rev-parse refs/remotes/TESTE/TESTE/master^{commit} # timeout=10
Checking out Revision 2fd64091c6c00d400f12d689c39511f3d60d2670 (refs/remotes/TESTE/master)
 > git config core.sparsecheckout # timeout=10
 > git checkout -f 2fd64091c6c00d400f12d689c39511f3d60d2670
Commit message: ""
 > git rev-list --no-walk 2fd64091c6c00d400f12d689c39511f3d60d2670 # timeout=10
Xvfb starting$ /usr/bin/Xvfb :0 -fbdir /var/jenkins_home/xvfb-105-..fbdir2709551697621620008
Katalon Studio package has been downloaded already.
Using Katalon Studio at /var/jenkins_home/.katalon/5.10.1/Katalon_Studio_Linux_64-5.10.1
Execute [sh, -c, /var/jenkins_home/.katalon/5.10.1/Katalon_Studio_Linux_64-5.10.1/katalon -noSplash  -runMode=console   -noSplash -projectPath="$WORKSPACE/$TEST_SUITES.prj" -retry=0 -testSuitePath="Test Suites/$TEST_SUITES" -browserType="Chrome" -reportFolder="$WORKSPACE/Reports" -reportFileName="report" -executionProfile="${PROFILE}" -g_branch=`echo "${BRANCH} | sed -e 's/origin\///g;s/[_/.]/-/g'"` ] in /tmp/katalon-7595056732977698872
Delete folder: bin
Delete folder: Libs
Opening project file: /var/jenkins_home/workspace/Automacao/Hemovida.prj
[EL Warning]: 2019-05-02 18:39:22.643--Ignoring attribute [lastRun] on class [TestSuiteEntity] as no Property was generated for it.
Request sent successfully.
Starting Groovy-Eclipse compiler resolver.  Specified compiler level: unspecified
166 2.4.7.xx-201611170128-e46 = ACTIVE
Parsing custom keywords...
Generating global variables...
Project 'Hemovida' opened

--------------------------------------------------------------------------------
Test Suites/Hemovida - Chrome - 20190502_183927..........................0/1(0%)
--------------------------------------------------------------------------------

Request sent successfully.
2019-05-02 18:39:30.041 INFO  c.k.katalon.core.main.TestSuiteExecutor  - START Test Suites/Hemovida
2019-05-02 18:39:30.093 INFO  c.k.katalon.core.main.TestSuiteExecutor  - hostName = root - b6d3bcbc89bc
2019-05-02 18:39:30.093 INFO  c.k.katalon.core.main.TestSuiteExecutor  - os = Linux 64bit
2019-05-02 18:39:30.094 INFO  c.k.katalon.core.main.TestSuiteExecutor  - hostAddress = 172.19.0.2
2019-05-02 18:39:30.094 INFO  c.k.katalon.core.main.TestSuiteExecutor  - katalonVersion = 5.10.1.1
2019-05-02 18:39:30.370 INFO  c.k.katalon.core.main.TestCaseExecutor   - --------------------
2019-05-02 18:39:30.371 INFO  c.k.katalon.core.main.TestCaseExecutor   - START Test Cases/LoginTest
2019-05-02 18:39:30.792 DEBUG testcase.LoginTest                       - 1: openBrowser("")
2019-05-02 18:39:31.576 INFO  c.k.k.core.webui.driver.DriverFactory    - Starting 'Chrome' driver
2019-05-02 18:39:31.624 INFO  c.k.k.core.webui.driver.DriverFactory    - Action delay is set to 0 seconds
2019-05-02 18:39:34.494 INFO  c.k.k.core.webui.driver.DriverFactory    - sessionId = 7e02a82105bd529993956e28c1ed1128
2019-05-02 18:39:34.597 INFO  c.k.k.core.webui.driver.DriverFactory    - browser = Chrome 74.0.3729.108
2019-05-02 18:39:34.601 INFO  c.k.k.core.webui.driver.DriverFactory    - platform = Linux
2019-05-02 18:39:34.601 INFO  c.k.k.core.webui.driver.DriverFactory    - seleniumVersion = 3.141.59
2019-05-02 18:39:34.602 INFO  c.k.k.core.webui.driver.DriverFactory    - proxyInformation = ProxyInformation{proxyOption=NO_PROXY, proxyServerType=HTTP, password=, proxyServerAddress=, proxyServerPort=0}
2019-05-02 18:39:34.602 DEBUG testcase.LoginTest                       - 2: navigateToUrl("http://" + branch + ".hemovida.cast.com.br/")
2019-05-02 18:39:35.414 DEBUG testcase.LoginTest                       - 3: setText(findTestObject("Page_Hemovida/input__email"), "wilbert.joosen@saude.gov.br")

--------------------------------------------------------------------------------
Test Suites/Hemovida - Chrome - 20190502_183927..........................0/1(0%)
--------------------------------------------------------------------------------


--------------------------------------------------------------------------------
Test Suites/Hemovida - Chrome - 20190502_183927..........................0/1(0%)
--------------------------------------------------------------------------------

2019-05-02 18:40:06.078 INFO  c.k.k.c.webui.common.WebUiCommonHelper   - Unable to find the element located by 'By.xpath: //input[@type = 'text' and @id = 'email' and @name = 'email']'. Please recheck the objects properties to make sure the desired element is located. 
2019-05-02 18:40:06.229 ERROR c.k.k.core.keyword.internal.KeywordMain  - ‚ùå Unable to set text 'wilbert.joosen@saude.gov.br' of object 'Object Repository/Page_Hemovida/input__email' (Root cause: com.kms.katalon.core.webui.exception.WebElementNotFoundException: Web element with id: 'Object Repository/Page_Hemovida/input__email' located by 'By.xpath: //input[@type = 'text' and @id = 'email' and @name = 'email']' not found)
2019-05-02 18:40:06.266 ERROR c.k.katalon.core.main.TestCaseExecutor   - ‚ùå setText(findTestObject("Page_Hemovida/input__email"), "wilbert.joosen@saude.gov.br") FAILED.
Reason:
com.kms.katalon.core.exception.StepFailedException: Unable to set text 'wilbert.joosen@saude.gov.br' of object 'Object Repository/Page_Hemovida/input__email' (Root cause: com.kms.katalon.core.webui.exception.WebElementNotFoundException: Web element with id: 'Object Repository/Page_Hemovida/input__email' located by 'By.xpath: //input[@type = 'text' and @id = 'email' and @name = 'email']' not found)
	at com.kms.katalon.core.keyword.internal.KeywordMain.stepFailed(KeywordMain.groovy:36)
	at com.kms.katalon.core.webui.keyword.internal.WebUIKeywordMain.stepFailed(WebUIKeywordMain.groovy:65)
	at com.kms.katalon.core.webui.keyword.internal.WebUIKeywordMain.runKeyword(WebUIKeywordMain.groovy:27)
	at com.kms.katalon.core.webui.keyword.builtin.SetTextKeyword.setText(SetTextKeyword.groovy:65)
	at com.kms.katalon.core.webui.keyword.builtin.SetTextKeyword.execute(SetTextKeyword.groovy:37)
	at com.kms.katalon.core.keyword.internal.KeywordExecutor.executeKeywordForPlatform(KeywordExecutor.groovy:53)
	at com.kms.katalon.core.webui.keyword.WebUiBuiltInKeywords.setText(WebUiBuiltInKeywords.groovy:950)
	at com.kms.katalon.core.webui.keyword.WebUiBuiltInKeywords$setText$1.call(Unknown Source)
	at LoginTest.run(LoginTest:23)
	at com.kms.katalon.core.main.ScriptEngine.run(ScriptEngine.java:194)
	at com.kms.katalon.core.main.ScriptEngine.runScriptAsRawText(ScriptEngine.java:119)
	at com.kms.katalon.core.main.TestCaseExecutor.runScript(TestCaseExecutor.java:328)
	at com.kms.katalon.core.main.TestCaseExecutor.doExecute(TestCaseExecutor.java:319)
	at com.kms.katalon.core.main.TestCaseExecutor.processExecutionPhase(TestCaseExecutor.java:298)
	at com.kms.katalon.core.main.TestCaseExecutor.accessMainPhase(TestCaseExecutor.java:290)
	at com.kms.katalon.core.main.TestCaseExecutor.execute(TestCaseExecutor.java:224)
	at com.kms.katalon.core.main.TestSuiteExecutor.accessTestCaseMainPhase(TestSuiteExecutor.java:129)
	at com.kms.katalon.core.main.TestSuiteExecutor.accessTestSuiteMainPhase(TestSuiteExecutor.java:112)
	at com.kms.katalon.core.main.TestSuiteExecutor.execute(TestSuiteExecutor.java:81)
	at com.kms.katalon.core.main.TestCaseMain.startTestSuite(TestCaseMain.java:149)
	at com.kms.katalon.core.main.TestCaseMain$startTestSuite$0.call(Unknown Source)
	at TempTestSuite1556822367976.run(TempTestSuite1556822367976.groovy:36)

2019-05-02 18:40:06.268 ERROR c.k.katalon.core.main.TestCaseExecutor   - ‚ùå Test Cases/LoginTest FAILED.
Reason:
com.kms.katalon.core.exception.StepFailedException: Unable to set text 'wilbert.joosen@saude.gov.br' of object 'Object Repository/Page_Hemovida/input__email' (Root cause: com.kms.katalon.core.webui.exception.WebElementNotFoundException: Web element with id: 'Object Repository/Page_Hemovida/input__email' located by 'By.xpath: //input[@type = 'text' and @id = 'email' and @name = 'email']' not found)
	at com.kms.katalon.core.keyword.internal.KeywordMain.stepFailed(KeywordMain.groovy:36)
	at com.kms.katalon.core.webui.keyword.internal.WebUIKeywordMain.stepFailed(WebUIKeywordMain.groovy:65)
	at com.kms.katalon.core.webui.keyword.internal.WebUIKeywordMain.runKeyword(WebUIKeywordMain.groovy:27)
	at com.kms.katalon.core.webui.keyword.builtin.SetTextKeyword.setText(SetTextKeyword.groovy:65)
	at com.kms.katalon.core.webui.keyword.builtin.SetTextKeyword.execute(SetTextKeyword.groovy:37)
	at com.kms.katalon.core.keyword.internal.KeywordExecutor.executeKeywordForPlatform(KeywordExecutor.groovy:53)
	at com.kms.katalon.core.webui.keyword.WebUiBuiltInKeywords.setText(WebUiBuiltInKeywords.groovy:950)
	at com.kms.katalon.core.webui.keyword.WebUiBuiltInKeywords$setText$1.call(Unknown Source)
	at LoginTest.run(LoginTest:23)
	at com.kms.katalon.core.main.ScriptEngine.run(ScriptEngine.java:194)
	at com.kms.katalon.core.main.ScriptEngine.runScriptAsRawText(ScriptEngine.java:119)
	at com.kms.katalon.core.main.TestCaseExecutor.runScript(TestCaseExecutor.java:328)
	at com.kms.katalon.core.main.TestCaseExecutor.doExecute(TestCaseExecutor.java:319)
	at com.kms.katalon.core.main.TestCaseExecutor.processExecutionPhase(TestCaseExecutor.java:298)
	at com.kms.katalon.core.main.TestCaseExecutor.accessMainPhase(TestCaseExecutor.java:290)
	at com.kms.katalon.core.main.TestCaseExecutor.execute(TestCaseExecutor.java:224)
	at com.kms.katalon.core.main.TestSuiteExecutor.accessTestCaseMainPhase(TestSuiteExecutor.java:129)
	at com.kms.katalon.core.main.TestSuiteExecutor.accessTestSuiteMainPhase(TestSuiteExecutor.java:112)
	at com.kms.katalon.core.main.TestSuiteExecutor.execute(TestSuiteExecutor.java:81)
	at com.kms.katalon.core.main.TestCaseMain.startTestSuite(TestCaseMain.java:149)
	at com.kms.katalon.core.main.TestCaseMain$startTestSuite$0.call(Unknown Source)
	at TempTestSuite1556822367976.run(TempTestSuite1556822367976.groovy:36)

2019-05-02 18:40:06.279 INFO  c.k.katalon.core.main.TestCaseExecutor   - END Test Cases/LoginTest
2019-05-02 18:40:06.423 INFO  c.k.katalon.core.main.TestSuiteExecutor  - --------------------
2019-05-02 18:40:06.423 INFO  c.k.katalon.core.main.TestSuiteExecutor  - END Test Suites/Hemovida
2019-05-02 18:40:06.423 INFO  c.k.katalon.core.main.TestSuiteExecutor  - ====================
Copying report to folder /var/jenkins_home/workspace/Automacao/Reports...

--------------------------------------------------------------------------------
Test Suites/Hemovida - Chrome - 20190502_183927........................1/1(100%)
--------------------------------------------------------------------------------

May 02, 2019 6:39:31 PM org.openqa.selenium.remote.DesiredCapabilities chrome
INFO: Using `new ChromeOptions()` is preferred to `DesiredCapabilities.chrome()`
Starting ChromeDriver 2.43.600233 (523efee95e3d68b8719b3a1c83051aa63aa6b10d) on port 21723
Only local connections are allowed.
[1556822372.341][SEVERE]: bind() returned an error, errno=0: Cannot assign requested address (99)
May 02, 2019 6:39:34 PM org.openqa.selenium.remote.ProtocolHandshake createSession
INFO: Detected dialect: OSS
Build step 'Execute Katalon Studio Tests' marked build as failure
Xvfb stopping
Recording test results
Finished: FAILURE
