Started by user [8mha:////4FN88H8RrhTBzIF+lJAjMLBc7u8Svt/xokmPCiLj+FzmAAAAlx+LCAAAAAAAAP9b85aBtbiIQTGjNKU4P08vOT+vOD8nVc83PyU1x6OyILUoJzMv2y+/JJUBAhiZGBgqihhk0NSjKDWzXb3RdlLBUSYGJk8GtpzUvPSSDB8G5tKinBIGIZ+sxLJE/ZzEvHT94JKizLx0a6BxUmjGOUNodHsLgAzWEgZu/dLi1CL9xJTczDwAj6GcLcAAAAA=[0madmin
Running as SYSTEM
Building in workspace /var/jenkins_home/workspace/Automacao
[WS-CLEANUP] Deleting project workspace...
[WS-CLEANUP] Deferred wipeout is used...
[WS-CLEANUP] Done
using credential 1bf809e4-0054-4d97-8a33-f8bdcd5cab43
Cloning the remote Git repository
Cloning repository https://gitlab.cast.com.br/datasus/hemovida/hemovida-web-testes
 > git init /var/jenkins_home/workspace/Automacao # timeout=10
Fetching upstream changes from https://gitlab.cast.com.br/datasus/hemovida/hemovida-web-testes
 > git --version # timeout=10
using GIT_ASKPASS to set credentials 
 > git fetch --tags --progress https://gitlab.cast.com.br/datasus/hemovida/hemovida-web-testes +refs/heads/*:refs/remotes/TESTE/*
 > git config remote.TESTE.url https://gitlab.cast.com.br/datasus/hemovida/hemovida-web-testes # timeout=10
 > git config --add remote.TESTE.fetch +refs/heads/*:refs/remotes/TESTE/* # timeout=10
 > git config remote.TESTE.url https://gitlab.cast.com.br/datasus/hemovida/hemovida-web-testes # timeout=10
Fetching upstream changes from https://gitlab.cast.com.br/datasus/hemovida/hemovida-web-testes
using GIT_ASKPASS to set credentials 
 > git fetch --tags --progress https://gitlab.cast.com.br/datasus/hemovida/hemovida-web-testes +refs/heads/*:refs/remotes/TESTE/*
 > git rev-parse refs/remotes/TESTE/master^{commit} # timeout=10
 > git rev-parse refs/remotes/TESTE/TESTE/master^{commit} # timeout=10
Checking out Revision 2fd64091c6c00d400f12d689c39511f3d60d2670 (refs/remotes/TESTE/master)
 > git config core.sparsecheckout # timeout=10
 > git checkout -f 2fd64091c6c00d400f12d689c39511f3d60d2670
Commit message: ""
 > git rev-list --no-walk 2fd64091c6c00d400f12d689c39511f3d60d2670 # timeout=10
Xvfb starting$ /usr/bin/Xvfb :0 -fbdir /var/jenkins_home/xvfb-101-..fbdir4132623584267222921
Katalon Studio package has been downloaded already.
Using Katalon Studio at /var/jenkins_home/.katalon/5.10.1/Katalon_Studio_Linux_64-5.10.1
Execute [sh, -c, /var/jenkins_home/.katalon/5.10.1/Katalon_Studio_Linux_64-5.10.1/katalon -noSplash  -runMode=console   -noSplash -projectPath="$WORKSPACE/$TEST_SUITES.prj" -retry=0 -testSuitePath="Test Suites/$TEST_SUITES" -browserType="Chrome" -reportFolder="$WORKSPACE/Reports" -reportFileName="report" -executionProfile="${PROFILE}" -g_branch=${BRANCH} | sed -e 's/origin\///g;s/[_/.]/-/g' ] in /tmp/katalon-7114842066027884754
Delete folder: bin
Delete folder: Libs
Opening project file: -var-jenkins-home-workspace-Automacao-Hemovida-prj
[EL Warning]: 2019-05-02 18:31:25-165--Ignoring attribute [lastRun] on class [TestSuiteEntity] as no Property was generated for it-
Request sent successfully-
Starting Groovy-Eclipse compiler resolver-  Specified compiler level: unspecified
166 2-4-7-xx-201611170128-e46 = ACTIVE
Parsing custom keywords---
Generating global variables---
Project 'Hemovida' opened

--------------------------------------------------------------------------------
Test Suites-Hemovida - Chrome - 20190502-183130--------------------------0-1(0%)
--------------------------------------------------------------------------------

Request sent successfully-
2019-05-02 18:31:32-711 INFO  c-k-katalon-core-main-TestSuiteExecutor  - START Test Suites-Hemovida
2019-05-02 18:31:32-756 INFO  c-k-katalon-core-main-TestSuiteExecutor  - hostName = root - b6d3bcbc89bc
2019-05-02 18:31:32-758 INFO  c-k-katalon-core-main-TestSuiteExecutor  - os = Linux 64bit
2019-05-02 18:31:32-758 INFO  c-k-katalon-core-main-TestSuiteExecutor  - hostAddress = 172-19-0-2
2019-05-02 18:31:32-759 INFO  c-k-katalon-core-main-TestSuiteExecutor  - katalonVersion = 5-10-1-1
2019-05-02 18:31:32-997 INFO  c-k-katalon-core-main-TestCaseExecutor   - --------------------
2019-05-02 18:31:32-998 INFO  c-k-katalon-core-main-TestCaseExecutor   - START Test Cases-LoginTest
2019-05-02 18:31:33-482 DEBUG testcase-LoginTest                       - 1: openBrowser("")
2019-05-02 18:31:34-095 INFO  c-k-k-core-webui-driver-DriverFactory    - Starting 'Chrome' driver
2019-05-02 18:31:34-136 INFO  c-k-k-core-webui-driver-DriverFactory    - Action delay is set to 0 seconds
2019-05-02 18:31:36-454 INFO  c-k-k-core-webui-driver-DriverFactory    - sessionId = c1b49bc2a82572c0f311ae79e54b1ce9
2019-05-02 18:31:36-497 INFO  c-k-k-core-webui-driver-DriverFactory    - browser = Chrome 74-0-3729-108
2019-05-02 18:31:36-497 INFO  c-k-k-core-webui-driver-DriverFactory    - platform = Linux
2019-05-02 18:31:36-500 INFO  c-k-k-core-webui-driver-DriverFactory    - seleniumVersion = 3-141-59
2019-05-02 18:31:36-500 INFO  c-k-k-core-webui-driver-DriverFactory    - proxyInformation = ProxyInformation{proxyOption=NO-PROXY, proxyServerType=HTTP, password=, proxyServerAddress=, proxyServerPort=0}
2019-05-02 18:31:36-501 DEBUG testcase-LoginTest                       - 2: navigateToUrl("http:--" + branch + "-hemovida-cast-com-br-")
2019-05-02 18:31:37-006 DEBUG testcase-LoginTest                       - 3: setText(findTestObject("Page-Hemovida-input--email"), "wilbert-joosen@saude-gov-br")

--------------------------------------------------------------------------------
Test Suites-Hemovida - Chrome - 20190502-183130--------------------------0-1(0%)
--------------------------------------------------------------------------------


--------------------------------------------------------------------------------
Test Suites-Hemovida - Chrome - 20190502-183130--------------------------0-1(0%)
--------------------------------------------------------------------------------

2019-05-02 18:32:07-624 INFO  c-k-k-c-webui-common-WebUiCommonHelper   - Unable to find the element located by 'By-xpath: --input[@type = 'text' and @id = 'email' and @name = 'email']'- Please recheck the objects properties to make sure the desired element is located- 
2019-05-02 18:32:07-725 ERROR c-k-k-core-keyword-internal-KeywordMain  - ‚ùå Unable to set text 'wilbert-joosen@saude-gov-br' of object 'Object Repository-Page-Hemovida-input--email' (Root cause: com-kms-katalon-core-webui-exception-WebElementNotFoundException: Web element with id: 'Object Repository-Page-Hemovida-input--email' located by 'By-xpath: --input[@type = 'text' and @id = 'email' and @name = 'email']' not found)
2019-05-02 18:32:07-735 ERROR c-k-katalon-core-main-TestCaseExecutor   - ‚ùå setText(findTestObject("Page-Hemovida-input--email"), "wilbert-joosen@saude-gov-br") FAILED-
Reason:
com-kms-katalon-core-exception-StepFailedException: Unable to set text 'wilbert-joosen@saude-gov-br' of object 'Object Repository-Page-Hemovida-input--email' (Root cause: com-kms-katalon-core-webui-exception-WebElementNotFoundException: Web element with id: 'Object Repository-Page-Hemovida-input--email' located by 'By-xpath: --input[@type = 'text' and @id = 'email' and @name = 'email']' not found)
	at com-kms-katalon-core-keyword-internal-KeywordMain-stepFailed(KeywordMain-groovy:36)
	at com-kms-katalon-core-webui-keyword-internal-WebUIKeywordMain-stepFailed(WebUIKeywordMain-groovy:65)
	at com-kms-katalon-core-webui-keyword-internal-WebUIKeywordMain-runKeyword(WebUIKeywordMain-groovy:27)
	at com-kms-katalon-core-webui-keyword-builtin-SetTextKeyword-setText(SetTextKeyword-groovy:65)
	at com-kms-katalon-core-webui-keyword-builtin-SetTextKeyword-execute(SetTextKeyword-groovy:37)
	at com-kms-katalon-core-keyword-internal-KeywordExecutor-executeKeywordForPlatform(KeywordExecutor-groovy:53)
	at com-kms-katalon-core-webui-keyword-WebUiBuiltInKeywords-setText(WebUiBuiltInKeywords-groovy:950)
	at com-kms-katalon-core-webui-keyword-WebUiBuiltInKeywords$setText$1-call(Unknown Source)
	at LoginTest-run(LoginTest:23)
	at com-kms-katalon-core-main-ScriptEngine-run(ScriptEngine-java:194)
	at com-kms-katalon-core-main-ScriptEngine-runScriptAsRawText(ScriptEngine-java:119)
	at com-kms-katalon-core-main-TestCaseExecutor-runScript(TestCaseExecutor-java:328)
	at com-kms-katalon-core-main-TestCaseExecutor-doExecute(TestCaseExecutor-java:319)
	at com-kms-katalon-core-main-TestCaseExecutor-processExecutionPhase(TestCaseExecutor-java:298)
	at com-kms-katalon-core-main-TestCaseExecutor-accessMainPhase(TestCaseExecutor-java:290)
	at com-kms-katalon-core-main-TestCaseExecutor-execute(TestCaseExecutor-java:224)
	at com-kms-katalon-core-main-TestSuiteExecutor-accessTestCaseMainPhase(TestSuiteExecutor-java:129)
	at com-kms-katalon-core-main-TestSuiteExecutor-accessTestSuiteMainPhase(TestSuiteExecutor-java:112)
	at com-kms-katalon-core-main-TestSuiteExecutor-execute(TestSuiteExecutor-java:81)
	at com-kms-katalon-core-main-TestCaseMain-startTestSuite(TestCaseMain-java:149)
	at com-kms-katalon-core-main-TestCaseMain$startTestSuite$0-call(Unknown Source)
	at TempTestSuite1556821890587-run(TempTestSuite1556821890587-groovy:36)

2019-05-02 18:32:07-736 ERROR c-k-katalon-core-main-TestCaseExecutor   - ‚ùå Test Cases-LoginTest FAILED-
Reason:
com-kms-katalon-core-exception-StepFailedException: Unable to set text 'wilbert-joosen@saude-gov-br' of object 'Object Repository-Page-Hemovida-input--email' (Root cause: com-kms-katalon-core-webui-exception-WebElementNotFoundException: Web element with id: 'Object Repository-Page-Hemovida-input--email' located by 'By-xpath: --input[@type = 'text' and @id = 'email' and @name = 'email']' not found)
	at com-kms-katalon-core-keyword-internal-KeywordMain-stepFailed(KeywordMain-groovy:36)
	at com-kms-katalon-core-webui-keyword-internal-WebUIKeywordMain-stepFailed(WebUIKeywordMain-groovy:65)
	at com-kms-katalon-core-webui-keyword-internal-WebUIKeywordMain-runKeyword(WebUIKeywordMain-groovy:27)
	at com-kms-katalon-core-webui-keyword-builtin-SetTextKeyword-setText(SetTextKeyword-groovy:65)
	at com-kms-katalon-core-webui-keyword-builtin-SetTextKeyword-execute(SetTextKeyword-groovy:37)
	at com-kms-katalon-core-keyword-internal-KeywordExecutor-executeKeywordForPlatform(KeywordExecutor-groovy:53)
	at com-kms-katalon-core-webui-keyword-WebUiBuiltInKeywords-setText(WebUiBuiltInKeywords-groovy:950)
	at com-kms-katalon-core-webui-keyword-WebUiBuiltInKeywords$setText$1-call(Unknown Source)
	at LoginTest-run(LoginTest:23)
	at com-kms-katalon-core-main-ScriptEngine-run(ScriptEngine-java:194)
	at com-kms-katalon-core-main-ScriptEngine-runScriptAsRawText(ScriptEngine-java:119)
	at com-kms-katalon-core-main-TestCaseExecutor-runScript(TestCaseExecutor-java:328)
	at com-kms-katalon-core-main-TestCaseExecutor-doExecute(TestCaseExecutor-java:319)
	at com-kms-katalon-core-main-TestCaseExecutor-processExecutionPhase(TestCaseExecutor-java:298)
	at com-kms-katalon-core-main-TestCaseExecutor-accessMainPhase(TestCaseExecutor-java:290)
	at com-kms-katalon-core-main-TestCaseExecutor-execute(TestCaseExecutor-java:224)
	at com-kms-katalon-core-main-TestSuiteExecutor-accessTestCaseMainPhase(TestSuiteExecutor-java:129)
	at com-kms-katalon-core-main-TestSuiteExecutor-accessTestSuiteMainPhase(TestSuiteExecutor-java:112)
	at com-kms-katalon-core-main-TestSuiteExecutor-execute(TestSuiteExecutor-java:81)
	at com-kms-katalon-core-main-TestCaseMain-startTestSuite(TestCaseMain-java:149)
	at com-kms-katalon-core-main-TestCaseMain$startTestSuite$0-call(Unknown Source)
	at TempTestSuite1556821890587-run(TempTestSuite1556821890587-groovy:36)

2019-05-02 18:32:07-740 INFO  c-k-katalon-core-main-TestCaseExecutor   - END Test Cases-LoginTest
2019-05-02 18:32:07-833 INFO  c-k-katalon-core-main-TestSuiteExecutor  - --------------------
2019-05-02 18:32:07-833 INFO  c-k-katalon-core-main-TestSuiteExecutor  - END Test Suites-Hemovida
2019-05-02 18:32:07-833 INFO  c-k-katalon-core-main-TestSuiteExecutor  - ====================
Copying report to folder -var-jenkins-home-workspace-Automacao-Reports---

--------------------------------------------------------------------------------
Test Suites-Hemovida - Chrome - 20190502-183130------------------------1-1(100%)
--------------------------------------------------------------------------------

May 02, 2019 6:31:34 PM org.openqa.selenium.remote.DesiredCapabilities chrome
INFO: Using `new ChromeOptions()` is preferred to `DesiredCapabilities.chrome()`
Starting ChromeDriver 2.43.600233 (523efee95e3d68b8719b3a1c83051aa63aa6b10d) on port 7008
Only local connections are allowed.
[1556821894.894][SEVERE]: bind() returned an error, errno=0: Cannot assign requested address (99)
May 02, 2019 6:31:36 PM org.openqa.selenium.remote.ProtocolHandshake createSession
INFO: Detected dialect: OSS
[Automacao] $ /bin/sh -xe /tmp/jenkins3270566128218711635.sh
Xvfb stopping
Recording test results
Build step 'Publish JUnit test result report' changed build result to UNSTABLE
Finished: UNSTABLE
