<?xml version='1.1' encoding='UTF-8'?>
<result plugin="junit@1.27">
  <suites>
    <suite>
      <file>/var/jenkins_home/workspace/Automacao/Reports/JUnit_Report.xml</file>
      <name>Hemovida</name>
      <stdout>2019-05-02 18:43:53 - [TEST_SUITE][FAILED] - Hemovida: Test Cases/LoginTest FAILED.
Reason:
com.kms.katalon.core.exception.StepFailedException: Unable to set text &apos;wilbert.joosen@saude.gov.br&apos; of object &apos;Object Repository/Page_Hemovida/input__email&apos; (Root cause: com.kms.katalon.core.webui.exception.WebElementNotFoundException: Web element with id: &apos;Object Repository/Page_Hemovida/input__email&apos; located by &apos;By.xpath: //input[@type = &apos;text&apos; and @id = &apos;email&apos; and @name = &apos;email&apos;]&apos; not found)
	at com.kms.katalon.core.keyword.internal.KeywordMain.stepFailed(KeywordMain.groovy:36)
	at com.kms.katalon.core.webui.keyword.internal.WebUIKeywordMain.stepFailed(WebUIKeywordMain.groovy:65)
	at com.kms.katalon.core.webui.keyword.internal.WebUIKeywordMain.runKeyword(WebUIKeywordMain.groovy:27)
	at com.kms.katalon.core.webui.keyword.builtin.SetTextKeyword.setText(SetTextKeyword.groovy:65)
	at com.kms.katalon.core.webui.keyword.builtin.SetTextKeyword.execute(SetTextKeyword.groovy:37)
	at com.kms.katalon.core.keyword.internal.KeywordExecutor.executeKeywordForPlatform(KeywordExecutor.groovy:53)
	at com.kms.katalon.core.webui.keyword.WebUiBuiltInKeywords.setText(WebUiBuiltInKeywords.groovy:950)
	at com.kms.katalon.core.webui.keyword.WebUiBuiltInKeywords$setText$1.call(Unknown Source)
	at LoginTest.run(LoginTest:23)
	at com.kms.katalon.core.main.ScriptEngine.run(ScriptEngine.java:194)
	at com.kms.katalon.core.main.ScriptEngine.runScriptAsRawText(ScriptEngine.java:119)
	at com.kms.katalon.core.main.TestCaseExecutor.runScript(TestCaseExecutor.java:328)
	at com.kms.katalon.core.main.TestCaseExecutor.doExecute(TestCaseExecutor.java:319)
	at com.kms.katalon.core.main.TestCaseExecutor.processExecutionPhase(TestCaseExecutor.java:298)
	at com.kms.katalon.core.main.TestCaseExecutor.accessMainPhase(TestCaseExecutor.java:290)
	at com.kms.katalon.core.main.TestCaseExecutor.execute(TestCaseExecutor.java:224)
	at com.kms.katalon.core.main.TestSuiteExecutor.accessTestCaseMainPhase(TestSuiteExecutor.java:129)
	at com.kms.katalon.core.main.TestSuiteExecutor.accessTestSuiteMainPhase(TestSuiteExecutor.java:112)
	at com.kms.katalon.core.main.TestSuiteExecutor.execute(TestSuiteExecutor.java:81)
	at com.kms.katalon.core.main.TestCaseMain.startTestSuite(TestCaseMain.java:149)
	at com.kms.katalon.core.main.TestCaseMain$startTestSuite$0.call(Unknown Source)
	at TempTestSuite1556822631120.run(TempTestSuite1556822631120.groovy:36)</stdout>
      <stderr>2019-05-02 18:43:53 - [TEST_SUITE][FAILED] - Hemovida: Test Cases/LoginTest FAILED.
Reason:
com.kms.katalon.core.exception.StepFailedException: Unable to set text &apos;wilbert.joosen@saude.gov.br&apos; of object &apos;Object Repository/Page_Hemovida/input__email&apos; (Root cause: com.kms.katalon.core.webui.exception.WebElementNotFoundException: Web element with id: &apos;Object Repository/Page_Hemovida/input__email&apos; located by &apos;By.xpath: //input[@type = &apos;text&apos; and @id = &apos;email&apos; and @name = &apos;email&apos;]&apos; not found)
	at com.kms.katalon.core.keyword.internal.KeywordMain.stepFailed(KeywordMain.groovy:36)
	at com.kms.katalon.core.webui.keyword.internal.WebUIKeywordMain.stepFailed(WebUIKeywordMain.groovy:65)
	at com.kms.katalon.core.webui.keyword.internal.WebUIKeywordMain.runKeyword(WebUIKeywordMain.groovy:27)
	at com.kms.katalon.core.webui.keyword.builtin.SetTextKeyword.setText(SetTextKeyword.groovy:65)
	at com.kms.katalon.core.webui.keyword.builtin.SetTextKeyword.execute(SetTextKeyword.groovy:37)
	at com.kms.katalon.core.keyword.internal.KeywordExecutor.executeKeywordForPlatform(KeywordExecutor.groovy:53)
	at com.kms.katalon.core.webui.keyword.WebUiBuiltInKeywords.setText(WebUiBuiltInKeywords.groovy:950)
	at com.kms.katalon.core.webui.keyword.WebUiBuiltInKeywords$setText$1.call(Unknown Source)
	at LoginTest.run(LoginTest:23)
	at com.kms.katalon.core.main.ScriptEngine.run(ScriptEngine.java:194)
	at com.kms.katalon.core.main.ScriptEngine.runScriptAsRawText(ScriptEngine.java:119)
	at com.kms.katalon.core.main.TestCaseExecutor.runScript(TestCaseExecutor.java:328)
	at com.kms.katalon.core.main.TestCaseExecutor.doExecute(TestCaseExecutor.java:319)
	at com.kms.katalon.core.main.TestCaseExecutor.processExecutionPhase(TestCaseExecutor.java:298)
	at com.kms.katalon.core.main.TestCaseExecutor.accessMainPhase(TestCaseExecutor.java:290)
	at com.kms.katalon.core.main.TestCaseExecutor.execute(TestCaseExecutor.java:224)
	at com.kms.katalon.core.main.TestSuiteExecutor.accessTestCaseMainPhase(TestSuiteExecutor.java:129)
	at com.kms.katalon.core.main.TestSuiteExecutor.accessTestSuiteMainPhase(TestSuiteExecutor.java:112)
	at com.kms.katalon.core.main.TestSuiteExecutor.execute(TestSuiteExecutor.java:81)
	at com.kms.katalon.core.main.TestCaseMain.startTestSuite(TestCaseMain.java:149)
	at com.kms.katalon.core.main.TestCaseMain$startTestSuite$0.call(Unknown Source)
	at TempTestSuite1556822631120.run(TempTestSuite1556822631120.groovy:36)</stderr>
      <duration>37.0</duration>
      <timestamp>2019-05-02 18:43:53</timestamp>
      <id>Test Suites/Hemovida</id>
      <time>37</time>
      <enclosingBlocks/>
      <enclosingBlockNames/>
      <cases>
        <case>
          <duration>0.0</duration>
          <className>Test Cases/LoginTest</className>
          <testName>Test Cases/LoginTest</testName>
          <skipped>false</skipped>
          <errorStackTrace></errorStackTrace>
          <errorDetails>Test Cases/LoginTest FAILED. Reason: com.kms.katalon.core.exception.StepFailedException: Unable to set text &apos;wilbert.joosen@saude.gov.br&apos; of object &apos;Object Repository/Page_Hemovida/input__email&apos; (Root cause: com.kms.katalon.core.webui.exception.WebElementNotFoundException: Web element with id: &apos;Object Repository/Page_Hemovida/input__email&apos; located by &apos;By.xpath: //input[@type = &apos;text&apos; and @id = &apos;email&apos; and @name = &apos;email&apos;]&apos; not found)  at com.kms.katalon.core.keyword.internal.KeywordMain.stepFailed(KeywordMain.groovy:36)  at com.kms.katalon.core.webui.keyword.internal.WebUIKeywordMain.stepFailed(WebUIKeywordMain.groovy:65)  at com.kms.katalon.core.webui.keyword.internal.WebUIKeywordMain.runKeyword(WebUIKeywordMain.groovy:27)  at com.kms.katalon.core.webui.keyword.builtin.SetTextKeyword.setText(SetTextKeyword.groovy:65)  at com.kms.katalon.core.webui.keyword.builtin.SetTextKeyword.execute(SetTextKeyword.groovy:37)  at com.kms.katalon.core.keyword.internal.KeywordExecutor.executeKeywordForPlatform(KeywordExecutor.groovy:53)  at com.kms.katalon.core.webui.keyword.WebUiBuiltInKeywords.setText(WebUiBuiltInKeywords.groovy:950)  at com.kms.katalon.core.webui.keyword.WebUiBuiltInKeywords$setText$1.call(Unknown Source)  at LoginTest.run(LoginTest:23)  at com.kms.katalon.core.main.ScriptEngine.run(ScriptEngine.java:194)  at com.kms.katalon.core.main.ScriptEngine.runScriptAsRawText(ScriptEngine.java:119)  at com.kms.katalon.core.main.TestCaseExecutor.runScript(TestCaseExecutor.java:328)  at com.kms.katalon.core.main.TestCaseExecutor.doExecute(TestCaseExecutor.java:319)  at com.kms.katalon.core.main.TestCaseExecutor.processExecutionPhase(TestCaseExecutor.java:298)  at com.kms.katalon.core.main.TestCaseExecutor.accessMainPhase(TestCaseExecutor.java:290)  at com.kms.katalon.core.main.TestCaseExecutor.execute(TestCaseExecutor.java:224)  at com.kms.katalon.core.main.TestSuiteExecutor.accessTestCaseMainPhase(TestSuiteExecutor.java:129)  at com.kms.katalon.core.main.TestSuiteExecutor.accessTestSuiteMainPhase(TestSuiteExecutor.java:112)  at com.kms.katalon.core.main.TestSuiteExecutor.execute(TestSuiteExecutor.java:81)  at com.kms.katalon.core.main.TestCaseMain.startTestSuite(TestCaseMain.java:149)  at com.kms.katalon.core.main.TestCaseMain$startTestSuite$0.call(Unknown Source)  at TempTestSuite1556822631120.run(TempTestSuite1556822631120.groovy:36) </errorDetails>
          <stdout>2019-05-02 18:43:54 - [TEST_CASE][FAILED] - Test Cases/LoginTest: Test Cases/LoginTest FAILED.
Reason:
com.kms.katalon.core.exception.StepFailedException: Unable to set text &apos;wilbert.joosen@saude.gov.br&apos; of object &apos;Object Repository/Page_Hemovida/input__email&apos; (Root cause: com.kms.katalon.core.webui.exception.WebElementNotFoundException: Web element with id: &apos;Object Repository/Page_Hemovida/input__email&apos; located by &apos;By.xpath: //input[@type = &apos;text&apos; and @id = &apos;email&apos; and @name = &apos;email&apos;]&apos; not found)
	at com.kms.katalon.core.keyword.internal.KeywordMain.stepFailed(KeywordMain.groovy:36)
	at com.kms.katalon.core.webui.keyword.internal.WebUIKeywordMain.stepFailed(WebUIKeywordMain.groovy:65)
	at com.kms.katalon.core.webui.keyword.internal.WebUIKeywordMain.runKeyword(WebUIKeywordMain.groovy:27)
	at com.kms.katalon.core.webui.keyword.builtin.SetTextKeyword.setText(SetTextKeyword.groovy:65)
	at com.kms.katalon.core.webui.keyword.builtin.SetTextKeyword.execute(SetTextKeyword.groovy:37)
	at com.kms.katalon.core.keyword.internal.KeywordExecutor.executeKeywordForPlatform(KeywordExecutor.groovy:53)
	at com.kms.katalon.core.webui.keyword.WebUiBuiltInKeywords.setText(WebUiBuiltInKeywords.groovy:950)
	at com.kms.katalon.core.webui.keyword.WebUiBuiltInKeywords$setText$1.call(Unknown Source)
	at LoginTest.run(LoginTest:23)
	at com.kms.katalon.core.main.ScriptEngine.run(ScriptEngine.java:194)
	at com.kms.katalon.core.main.ScriptEngine.runScriptAsRawText(ScriptEngine.java:119)
	at com.kms.katalon.core.main.TestCaseExecutor.runScript(TestCaseExecutor.java:328)
	at com.kms.katalon.core.main.TestCaseExecutor.doExecute(TestCaseExecutor.java:319)
	at com.kms.katalon.core.main.TestCaseExecutor.processExecutionPhase(TestCaseExecutor.java:298)
	at com.kms.katalon.core.main.TestCaseExecutor.accessMainPhase(TestCaseExecutor.java:290)
	at com.kms.katalon.core.main.TestCaseExecutor.execute(TestCaseExecutor.java:224)
	at com.kms.katalon.core.main.TestSuiteExecutor.accessTestCaseMainPhase(TestSuiteExecutor.java:129)
	at com.kms.katalon.core.main.TestSuiteExecutor.accessTestSuiteMainPhase(TestSuiteExecutor.java:112)
	at com.kms.katalon.core.main.TestSuiteExecutor.execute(TestSuiteExecutor.java:81)
	at com.kms.katalon.core.main.TestCaseMain.startTestSuite(TestCaseMain.java:149)
	at com.kms.katalon.core.main.TestCaseMain$startTestSuite$0.call(Unknown Source)
	at TempTestSuite1556822631120.run(TempTestSuite1556822631120.groovy:36)


2019-05-02 18:43:54 - [TEST_STEP][PASSED] - openBrowser(&quot;&quot;): Browser is opened with url: &apos;&apos;

2019-05-02 18:43:55 - [MESSAGE][INFO] - Starting &apos;Chrome&apos; driver

2019-05-02 18:43:55 - [MESSAGE][INFO] - Action delay is set to 0 seconds

2019-05-02 18:43:59 - [MESSAGE][PASSED] - Browser is opened with url: &apos;&apos;

2019-05-02 18:43:59 - [TEST_STEP][PASSED] - navigateToUrl(&quot;http://&quot; + branch + &quot;.hemovida.cast.com.br/&quot;): Navigate to &apos;http://origin/release/2.11.0-rc-3.hemovida.cast.com.br/&apos; successfully

2019-05-02 18:44:00 - [MESSAGE][PASSED] - Navigate to &apos;http://origin/release/2.11.0-rc-3.hemovida.cast.com.br/&apos; successfully

2019-05-02 18:44:00 - [TEST_STEP][FAILED] - setText(findTestObject(&quot;Page_Hemovida/input__email&quot;), &quot;wilbert.joosen@saude.gov.br&quot;): setText(findTestObject(&quot;Page_Hemovida/input__email&quot;), &quot;wilbert.joosen@saude.gov.br&quot;) FAILED.
Reason:
com.kms.katalon.core.exception.StepFailedException: Unable to set text &apos;wilbert.joosen@saude.gov.br&apos; of object &apos;Object Repository/Page_Hemovida/input__email&apos; (Root cause: com.kms.katalon.core.webui.exception.WebElementNotFoundException: Web element with id: &apos;Object Repository/Page_Hemovida/input__email&apos; located by &apos;By.xpath: //input[@type = &apos;text&apos; and @id = &apos;email&apos; and @name = &apos;email&apos;]&apos; not found)
	at com.kms.katalon.core.keyword.internal.KeywordMain.stepFailed(KeywordMain.groovy:36)
	at com.kms.katalon.core.webui.keyword.internal.WebUIKeywordMain.stepFailed(WebUIKeywordMain.groovy:65)
	at com.kms.katalon.core.webui.keyword.internal.WebUIKeywordMain.runKeyword(WebUIKeywordMain.groovy:27)
	at com.kms.katalon.core.webui.keyword.builtin.SetTextKeyword.setText(SetTextKeyword.groovy:65)
	at com.kms.katalon.core.webui.keyword.builtin.SetTextKeyword.execute(SetTextKeyword.groovy:37)
	at com.kms.katalon.core.keyword.internal.KeywordExecutor.executeKeywordForPlatform(KeywordExecutor.groovy:53)
	at com.kms.katalon.core.webui.keyword.WebUiBuiltInKeywords.setText(WebUiBuiltInKeywords.groovy:950)
	at com.kms.katalon.core.webui.keyword.WebUiBuiltInKeywords$setText$1.call(Unknown Source)
	at LoginTest.run(LoginTest:23)
	at com.kms.katalon.core.main.ScriptEngine.run(ScriptEngine.java:194)
	at com.kms.katalon.core.main.ScriptEngine.runScriptAsRawText(ScriptEngine.java:119)
	at com.kms.katalon.core.main.TestCaseExecutor.runScript(TestCaseExecutor.java:328)
	at com.kms.katalon.core.main.TestCaseExecutor.doExecute(TestCaseExecutor.java:319)
	at com.kms.katalon.core.main.TestCaseExecutor.processExecutionPhase(TestCaseExecutor.java:298)
	at com.kms.katalon.core.main.TestCaseExecutor.accessMainPhase(TestCaseExecutor.java:290)
	at com.kms.katalon.core.main.TestCaseExecutor.execute(TestCaseExecutor.java:224)
	at com.kms.katalon.core.main.TestSuiteExecutor.accessTestCaseMainPhase(TestSuiteExecutor.java:129)
	at com.kms.katalon.core.main.TestSuiteExecutor.accessTestSuiteMainPhase(TestSuiteExecutor.java:112)
	at com.kms.katalon.core.main.TestSuiteExecutor.execute(TestSuiteExecutor.java:81)
	at com.kms.katalon.core.main.TestCaseMain.startTestSuite(TestCaseMain.java:149)
	at com.kms.katalon.core.main.TestCaseMain$startTestSuite$0.call(Unknown Source)
	at TempTestSuite1556822631120.run(TempTestSuite1556822631120.groovy:36)


2019-05-02 18:44:30 - [MESSAGE][INFO] - Unable to find the element located by &apos;By.xpath: //input[@type = &apos;text&apos; and @id = &apos;email&apos; and @name = &apos;email&apos;]&apos;. Please recheck the objects properties to make sure the desired element is located. 

2019-05-02 18:44:30 - [MESSAGE][FAILED] - Unable to set text &apos;wilbert.joosen@saude.gov.br&apos; of object &apos;Object Repository/Page_Hemovida/input__email&apos; (Root cause: com.kms.katalon.core.webui.exception.WebElementNotFoundException: Web element with id: &apos;Object Repository/Page_Hemovida/input__email&apos; located by &apos;By.xpath: //input[@type = &apos;text&apos; and @id = &apos;email&apos; and @name = &apos;email&apos;]&apos; not found)
[[ATTACHMENT|/var/jenkins_home/workspace/Automacao/Reports/Hemovida/20190502_184351/1556822670742.png]]

2019-05-02 18:44:30 - [MESSAGE][FAILED] - setText(findTestObject(&quot;Page_Hemovida/input__email&quot;), &quot;wilbert.joosen@saude.gov.br&quot;) FAILED.
Reason:
com.kms.katalon.core.exception.StepFailedException: Unable to set text &apos;wilbert.joosen@saude.gov.br&apos; of object &apos;Object Repository/Page_Hemovida/input__email&apos; (Root cause: com.kms.katalon.core.webui.exception.WebElementNotFoundException: Web element with id: &apos;Object Repository/Page_Hemovida/input__email&apos; located by &apos;By.xpath: //input[@type = &apos;text&apos; and @id = &apos;email&apos; and @name = &apos;email&apos;]&apos; not found)
	at com.kms.katalon.core.keyword.internal.KeywordMain.stepFailed(KeywordMain.groovy:36)
	at com.kms.katalon.core.webui.keyword.internal.WebUIKeywordMain.stepFailed(WebUIKeywordMain.groovy:65)
	at com.kms.katalon.core.webui.keyword.internal.WebUIKeywordMain.runKeyword(WebUIKeywordMain.groovy:27)
	at com.kms.katalon.core.webui.keyword.builtin.SetTextKeyword.setText(SetTextKeyword.groovy:65)
	at com.kms.katalon.core.webui.keyword.builtin.SetTextKeyword.execute(SetTextKeyword.groovy:37)
	at com.kms.katalon.core.keyword.internal.KeywordExecutor.executeKeywordForPlatform(KeywordExecutor.groovy:53)
	at com.kms.katalon.core.webui.keyword.WebUiBuiltInKeywords.setText(WebUiBuiltInKeywords.groovy:950)
	at com.kms.katalon.core.webui.keyword.WebUiBuiltInKeywords$setText$1.call(Unknown Source)
	at LoginTest.run(LoginTest:23)
	at com.kms.katalon.core.main.ScriptEngine.run(ScriptEngine.java:194)
	at com.kms.katalon.core.main.ScriptEngine.runScriptAsRawText(ScriptEngine.java:119)
	at com.kms.katalon.core.main.TestCaseExecutor.runScript(TestCaseExecutor.java:328)
	at com.kms.katalon.core.main.TestCaseExecutor.doExecute(TestCaseExecutor.java:319)
	at com.kms.katalon.core.main.TestCaseExecutor.processExecutionPhase(TestCaseExecutor.java:298)
	at com.kms.katalon.core.main.TestCaseExecutor.accessMainPhase(TestCaseExecutor.java:290)
	at com.kms.katalon.core.main.TestCaseExecutor.execute(TestCaseExecutor.java:224)
	at com.kms.katalon.core.main.TestSuiteExecutor.accessTestCaseMainPhase(TestSuiteExecutor.java:129)
	at com.kms.katalon.core.main.TestSuiteExecutor.accessTestSuiteMainPhase(TestSuiteExecutor.java:112)
	at com.kms.katalon.core.main.TestSuiteExecutor.execute(TestSuiteExecutor.java:81)
	at com.kms.katalon.core.main.TestCaseMain.startTestSuite(TestCaseMain.java:149)
	at com.kms.katalon.core.main.TestCaseMain$startTestSuite$0.call(Unknown Source)
	at TempTestSuite1556822631120.run(TempTestSuite1556822631120.groovy:36)</stdout>
          <stderr>2019-05-02 18:43:54 - [TEST_CASE][FAILED] - Test Cases/LoginTest: Test Cases/LoginTest FAILED.
Reason:
com.kms.katalon.core.exception.StepFailedException: Unable to set text &apos;wilbert.joosen@saude.gov.br&apos; of object &apos;Object Repository/Page_Hemovida/input__email&apos; (Root cause: com.kms.katalon.core.webui.exception.WebElementNotFoundException: Web element with id: &apos;Object Repository/Page_Hemovida/input__email&apos; located by &apos;By.xpath: //input[@type = &apos;text&apos; and @id = &apos;email&apos; and @name = &apos;email&apos;]&apos; not found)
	at com.kms.katalon.core.keyword.internal.KeywordMain.stepFailed(KeywordMain.groovy:36)
	at com.kms.katalon.core.webui.keyword.internal.WebUIKeywordMain.stepFailed(WebUIKeywordMain.groovy:65)
	at com.kms.katalon.core.webui.keyword.internal.WebUIKeywordMain.runKeyword(WebUIKeywordMain.groovy:27)
	at com.kms.katalon.core.webui.keyword.builtin.SetTextKeyword.setText(SetTextKeyword.groovy:65)
	at com.kms.katalon.core.webui.keyword.builtin.SetTextKeyword.execute(SetTextKeyword.groovy:37)
	at com.kms.katalon.core.keyword.internal.KeywordExecutor.executeKeywordForPlatform(KeywordExecutor.groovy:53)
	at com.kms.katalon.core.webui.keyword.WebUiBuiltInKeywords.setText(WebUiBuiltInKeywords.groovy:950)
	at com.kms.katalon.core.webui.keyword.WebUiBuiltInKeywords$setText$1.call(Unknown Source)
	at LoginTest.run(LoginTest:23)
	at com.kms.katalon.core.main.ScriptEngine.run(ScriptEngine.java:194)
	at com.kms.katalon.core.main.ScriptEngine.runScriptAsRawText(ScriptEngine.java:119)
	at com.kms.katalon.core.main.TestCaseExecutor.runScript(TestCaseExecutor.java:328)
	at com.kms.katalon.core.main.TestCaseExecutor.doExecute(TestCaseExecutor.java:319)
	at com.kms.katalon.core.main.TestCaseExecutor.processExecutionPhase(TestCaseExecutor.java:298)
	at com.kms.katalon.core.main.TestCaseExecutor.accessMainPhase(TestCaseExecutor.java:290)
	at com.kms.katalon.core.main.TestCaseExecutor.execute(TestCaseExecutor.java:224)
	at com.kms.katalon.core.main.TestSuiteExecutor.accessTestCaseMainPhase(TestSuiteExecutor.java:129)
	at com.kms.katalon.core.main.TestSuiteExecutor.accessTestSuiteMainPhase(TestSuiteExecutor.java:112)
	at com.kms.katalon.core.main.TestSuiteExecutor.execute(TestSuiteExecutor.java:81)
	at com.kms.katalon.core.main.TestCaseMain.startTestSuite(TestCaseMain.java:149)
	at com.kms.katalon.core.main.TestCaseMain$startTestSuite$0.call(Unknown Source)
	at TempTestSuite1556822631120.run(TempTestSuite1556822631120.groovy:36)</stderr>
          <failedSince>0</failedSince>
        </case>
      </cases>
    </suite>
  </suites>
  <duration>37.0</duration>
  <keepLongStdio>false</keepLongStdio>
</result>