Started by user [8mha:////4FN88H8RrhTBzIF+lJAjMLBc7u8Svt/xokmPCiLj+FzmAAAAlx+LCAAAAAAAAP9b85aBtbiIQTGjNKU4P08vOT+vOD8nVc83PyU1x6OyILUoJzMv2y+/JJUBAhiZGBgqihhk0NSjKDWzXb3RdlLBUSYGJk8GtpzUvPSSDB8G5tKinBIGIZ+sxLJE/ZzEvHT94JKizLx0a6BxUmjGOUNodHsLgAzWEgZu/dLi1CL9xJTczDwAj6GcLcAAAAA=[0madmin
Building in workspace /var/jenkins_home/workspace/Automacao
[WS-CLEANUP] Deleting project workspace...
[WS-CLEANUP] Deferred wipeout is used...
[WS-CLEANUP] Done
using credential 1bf809e4-0054-4d97-8a33-f8bdcd5cab43
Cloning the remote Git repository
Cloning repository https://gitlab.cast.com.br/datasus/hemovida/hemovida-web-testes
 > git init /var/jenkins_home/workspace/Automacao # timeout=10
Fetching upstream changes from https://gitlab.cast.com.br/datasus/hemovida/hemovida-web-testes
 > git --version # timeout=10
using GIT_ASKPASS to set credentials 
 > git fetch --tags --progress https://gitlab.cast.com.br/datasus/hemovida/hemovida-web-testes +refs/heads/*:refs/remotes/origin/*
 > git config remote.origin.url https://gitlab.cast.com.br/datasus/hemovida/hemovida-web-testes # timeout=10
 > git config --add remote.origin.fetch +refs/heads/*:refs/remotes/origin/* # timeout=10
 > git config remote.origin.url https://gitlab.cast.com.br/datasus/hemovida/hemovida-web-testes # timeout=10
Fetching upstream changes from https://gitlab.cast.com.br/datasus/hemovida/hemovida-web-testes
using GIT_ASKPASS to set credentials 
 > git fetch --tags --progress https://gitlab.cast.com.br/datasus/hemovida/hemovida-web-testes +refs/heads/*:refs/remotes/origin/*
 > git rev-parse refs/remotes/origin/master^{commit} # timeout=10
 > git rev-parse refs/remotes/origin/origin/master^{commit} # timeout=10
Checking out Revision f6d6b48ea79dabb6604dd0aa5bb7589601b635f4 (refs/remotes/origin/master)
 > git config core.sparsecheckout # timeout=10
 > git checkout -f f6d6b48ea79dabb6604dd0aa5bb7589601b635f4
Commit message: "no message"
 > git rev-list --no-walk f6d6b48ea79dabb6604dd0aa5bb7589601b635f4 # timeout=10
[Automacao] $ /bin/sh -xe /tmp/jenkins6883642549789522515.sh
+ cd /katalon
+ ./katalon --args -runMode=console -noSplash -projectPath=/var/jenkins_home/workspace/Automacao/Hemovida.prj -retry=0 -testSuitePath=Test Suites/Hemovida -browserType=Chrome -reportFolder=/var/jenkins_home/workspace/Automacao/Reports -reportFileName=report -executionProfile=default -G_branch=master
Delete folder: bin
Delete folder: Libs
Opening project file: /var/jenkins_home/workspace/Automacao/Hemovida.prj
Starting Groovy-Eclipse compiler resolver.  Specified compiler level: unspecified
169 2.4.7.xx-201611170128-e46 = ACTIVE
Generating global variables...
Parsing custom keywords...
Project 'Hemovida' opened

--------------------------------------------------------------------------------
Test Suites/Hemovida - Chrome - 20190322_231850..........................0/1(0%)
--------------------------------------------------------------------------------

SLF4J: Class path contains multiple SLF4J bindings.
SLF4J: Found binding in [jar:file:/katalon/plugins/ch.qos.logback.classic_1.2.3.jar!/org/slf4j/impl/StaticLoggerBinder.class]
SLF4J: Found binding in [jar:file:/katalon/configuration/resources/lib/slf4j-simple-1.7.2.jar!/org/slf4j/impl/StaticLoggerBinder.class]
SLF4J: See http://www.slf4j.org/codes.html#multiple_bindings for an explanation.
SLF4J: Actual binding is of type [ch.qos.logback.classic.util.ContextSelectorStaticBinder]
2019-03-22 23:18:55.425 INFO  c.k.katalon.core.main.TestSuiteExecutor  - START Test Suites/Hemovida
2019-03-22 23:18:56.041 INFO  c.k.katalon.core.main.TestSuiteExecutor  - hostName = root - 02cba4ee7aec
2019-03-22 23:18:56.043 INFO  c.k.katalon.core.main.TestSuiteExecutor  - os = Linux 64bit
2019-03-22 23:18:56.047 INFO  c.k.katalon.core.main.TestSuiteExecutor  - hostAddress = 172.19.0.2
2019-03-22 23:18:56.093 INFO  c.k.katalon.core.main.TestSuiteExecutor  - katalonVersion = 6.1.0.1
2019-03-22 23:18:56.545 INFO  c.k.katalon.core.main.TestCaseExecutor   - --------------------
2019-03-22 23:18:56.547 INFO  c.k.katalon.core.main.TestCaseExecutor   - START Test Cases/LoginTest
2019-03-22 23:18:57.685 DEBUG testcase.LoginTest                       - 1: System.setProperty("webdriver.chrome.driver", "/usr/bin/chromedriver")
2019-03-22 23:18:57.689 DEBUG testcase.LoginTest                       - 2: System.setProperty("webdriver.firefox.driver", "/usr/bin/firefox")
2019-03-22 23:18:57.692 DEBUG testcase.LoginTest                       - 3: options = new org.openqa.selenium.chrome.ChromeOptions()
2019-03-22 23:18:57.740 DEBUG testcase.LoginTest                       - 4: options.addArguments("‚Äìno-sandbox")
2019-03-22 23:18:57.833 DEBUG testcase.LoginTest                       - 5: options.addArguments("‚Äìdisable-dev-shm-usage")
2019-03-22 23:18:57.834 DEBUG testcase.LoginTest                       - 6: options.setExperimentalOption("useAutomationExtension", false)
2019-03-22 23:18:57.836 DEBUG testcase.LoginTest                       - 7: driver = new org.openqa.selenium.chrome.ChromeDriver()

--------------------------------------------------------------------------------
Test Suites/Hemovida - Chrome - 20190322_231850..........................0/1(0%)
--------------------------------------------------------------------------------

Starting ChromeDriver 73.0.3683.68 (47787ec04b6e38e22703e856e101e840b65afe72) on port 1247
Only local connections are allowed.
Please protect ports used by ChromeDriver and related test frameworks to prevent access by malicious code.
[1553296747.806][SEVERE]: bind() failed: Cannot assign requested address (99)

--------------------------------------------------------------------------------
Test Suites/Hemovida - Chrome - 20190322_231850..........................0/1(0%)
--------------------------------------------------------------------------------

2019-03-22 23:19:24.130 ERROR c.k.katalon.core.main.TestCaseExecutor   - ‚ùå driver = new org.openqa.selenium.chrome.ChromeDriver() FAILED.
Reason:
org.openqa.selenium.WebDriverException: unknown error: Chrome failed to start: exited abnormally
  (unknown error: DevToolsActivePort file doesn't exist)
  (The process started from chrome location /usr/bin/google-chrome is no longer running, so ChromeDriver is assuming that Chrome has crashed.)
  (Driver info: chromedriver=73.0.3683.68 (47787ec04b6e38e22703e856e101e840b65afe72),platform=Linux 4.9.125-linuxkit x86_64) (WARNING: The server did not provide any stacktrace information)
Command duration or timeout: 14.50 seconds
Build info: version: '3.141.59', revision: 'e82be7d358', time: '2018-11-14T08:25:53'
System info: host: '02cba4ee7aec', ip: '172.19.0.2', os.name: 'Linux', os.arch: 'amd64', os.version: '4.9.125-linuxkit', java.version: '1.8.0_191'
Driver info: driver.version: ChromeDriver
	at org.openqa.selenium.remote.ErrorHandler.createThrowable(ErrorHandler.java:214)
	at org.openqa.selenium.remote.ErrorHandler.throwIfResponseFailed(ErrorHandler.java:166)
	at org.openqa.selenium.remote.JsonWireProtocolResponse.lambda$errorHandler$0(JsonWireProtocolResponse.java:54)
	at org.openqa.selenium.remote.HandshakeResponse.lambda$getResponseFunction$0(HandshakeResponse.java:30)
	at org.openqa.selenium.remote.ProtocolHandshake.lambda$createSession$0(ProtocolHandshake.java:126)
	at org.openqa.selenium.remote.ProtocolHandshake.createSession(ProtocolHandshake.java:128)
	at org.openqa.selenium.remote.ProtocolHandshake.createSession(ProtocolHandshake.java:74)
	at org.openqa.selenium.remote.HttpCommandExecutor.execute(HttpCommandExecutor.java:136)
	at org.openqa.selenium.remote.service.DriverCommandExecutor.execute(DriverCommandExecutor.java:83)
	at org.openqa.selenium.remote.RemoteWebDriver.execute(RemoteWebDriver.java:552)
	at org.openqa.selenium.remote.RemoteWebDriver.startSession(RemoteWebDriver.java:213)
	at org.openqa.selenium.remote.RemoteWebDriver.<init>(RemoteWebDriver.java:131)
	at org.openqa.selenium.chrome.ChromeDriver.<init>(ChromeDriver.java:181)
	at org.openqa.selenium.chrome.ChromeDriver.<init>(ChromeDriver.java:168)
	at org.openqa.selenium.chrome.ChromeDriver.<init>(ChromeDriver.java:123)
	at LoginTest.run(LoginTest:24)
	at com.kms.katalon.core.main.ScriptEngine.run(ScriptEngine.java:194)
	at com.kms.katalon.core.main.ScriptEngine.runScriptAsRawText(ScriptEngine.java:119)
	at com.kms.katalon.core.main.TestCaseExecutor.runScript(TestCaseExecutor.java:331)
	at com.kms.katalon.core.main.TestCaseExecutor.doExecute(TestCaseExecutor.java:322)
	at com.kms.katalon.core.main.TestCaseExecutor.processExecutionPhase(TestCaseExecutor.java:301)
	at com.kms.katalon.core.main.TestCaseExecutor.accessMainPhase(TestCaseExecutor.java:293)
	at com.kms.katalon.core.main.TestCaseExecutor.execute(TestCaseExecutor.java:227)
	at com.kms.katalon.core.main.TestSuiteExecutor.accessTestCaseMainPhase(TestSuiteExecutor.java:129)
	at com.kms.katalon.core.main.TestSuiteExecutor.accessTestSuiteMainPhase(TestSuiteExecutor.java:112)
	at com.kms.katalon.core.main.TestSuiteExecutor.execute(TestSuiteExecutor.java:81)
	at com.kms.katalon.core.main.TestCaseMain.startTestSuite(TestCaseMain.java:157)
	at com.kms.katalon.core.main.TestCaseMain$startTestSuite$0.call(Unknown Source)
	at TempTestSuite1553296730915.run(TempTestSuite1553296730915.groovy:35)

2019-03-22 23:19:24.143 ERROR c.k.katalon.core.main.TestCaseExecutor   - ‚ùå Test Cases/LoginTest FAILED.
Reason:
org.openqa.selenium.WebDriverException: unknown error: Chrome failed to start: exited abnormally
  (unknown error: DevToolsActivePort file doesn't exist)
  (The process started from chrome location /usr/bin/google-chrome is no longer running, so ChromeDriver is assuming that Chrome has crashed.)
  (Driver info: chromedriver=73.0.3683.68 (47787ec04b6e38e22703e856e101e840b65afe72),platform=Linux 4.9.125-linuxkit x86_64) (WARNING: The server did not provide any stacktrace information)
Command duration or timeout: 14.50 seconds
Build info: version: '3.141.59', revision: 'e82be7d358', time: '2018-11-14T08:25:53'
System info: host: '02cba4ee7aec', ip: '172.19.0.2', os.name: 'Linux', os.arch: 'amd64', os.version: '4.9.125-linuxkit', java.version: '1.8.0_191'
Driver info: driver.version: ChromeDriver
	at org.openqa.selenium.remote.ErrorHandler.createThrowable(ErrorHandler.java:214)
	at org.openqa.selenium.remote.ErrorHandler.throwIfResponseFailed(ErrorHandler.java:166)
	at org.openqa.selenium.remote.JsonWireProtocolResponse.lambda$errorHandler$0(JsonWireProtocolResponse.java:54)
	at org.openqa.selenium.remote.HandshakeResponse.lambda$getResponseFunction$0(HandshakeResponse.java:30)
	at org.openqa.selenium.remote.ProtocolHandshake.lambda$createSession$0(ProtocolHandshake.java:126)
	at org.openqa.selenium.remote.ProtocolHandshake.createSession(ProtocolHandshake.java:128)
	at org.openqa.selenium.remote.ProtocolHandshake.createSession(ProtocolHandshake.java:74)
	at org.openqa.selenium.remote.HttpCommandExecutor.execute(HttpCommandExecutor.java:136)
	at org.openqa.selenium.remote.service.DriverCommandExecutor.execute(DriverCommandExecutor.java:83)
	at org.openqa.selenium.remote.RemoteWebDriver.execute(RemoteWebDriver.java:552)
	at org.openqa.selenium.remote.RemoteWebDriver.startSession(RemoteWebDriver.java:213)
	at org.openqa.selenium.remote.RemoteWebDriver.<init>(RemoteWebDriver.java:131)
	at org.openqa.selenium.chrome.ChromeDriver.<init>(ChromeDriver.java:181)
	at org.openqa.selenium.chrome.ChromeDriver.<init>(ChromeDriver.java:168)
	at org.openqa.selenium.chrome.ChromeDriver.<init>(ChromeDriver.java:123)
	at LoginTest.run(LoginTest:24)
	at com.kms.katalon.core.main.ScriptEngine.run(ScriptEngine.java:194)
	at com.kms.katalon.core.main.ScriptEngine.runScriptAsRawText(ScriptEngine.java:119)
	at com.kms.katalon.core.main.TestCaseExecutor.runScript(TestCaseExecutor.java:331)
	at com.kms.katalon.core.main.TestCaseExecutor.doExecute(TestCaseExecutor.java:322)
	at com.kms.katalon.core.main.TestCaseExecutor.processExecutionPhase(TestCaseExecutor.java:301)
	at com.kms.katalon.core.main.TestCaseExecutor.accessMainPhase(TestCaseExecutor.java:293)
	at com.kms.katalon.core.main.TestCaseExecutor.execute(TestCaseExecutor.java:227)
	at com.kms.katalon.core.main.TestSuiteExecutor.accessTestCaseMainPhase(TestSuiteExecutor.java:129)
	at com.kms.katalon.core.main.TestSuiteExecutor.accessTestSuiteMainPhase(TestSuiteExecutor.java:112)
	at com.kms.katalon.core.main.TestSuiteExecutor.execute(TestSuiteExecutor.java:81)
	at com.kms.katalon.core.main.TestCaseMain.startTestSuite(TestCaseMain.java:157)
	at com.kms.katalon.core.main.TestCaseMain$startTestSuite$0.call(Unknown Source)
	at TempTestSuite1553296730915.run(TempTestSuite1553296730915.groovy:35)

2019-03-22 23:19:24.182 INFO  c.k.katalon.core.main.TestCaseExecutor   - END Test Cases/LoginTest
2019-03-22 23:19:24.457 INFO  c.k.katalon.core.main.TestSuiteExecutor  - --------------------
2019-03-22 23:19:24.457 INFO  c.k.katalon.core.main.TestSuiteExecutor  - END Test Suites/Hemovida
2019-03-22 23:19:24.457 INFO  c.k.katalon.core.main.TestSuiteExecutor  - ====================
Copying report to folder /var/jenkins_home/workspace/Automacao/Reports...

--------------------------------------------------------------------------------
Test Suites/Hemovida - Chrome - 20190322_231850........................1/1(100%)
--------------------------------------------------------------------------------

Build step 'Execute shell' marked build as failure
Recording test results
Finished: FAILURE
