Started by user [8mha:////4FN88H8RrhTBzIF+lJAjMLBc7u8Svt/xokmPCiLj+FzmAAAAlx+LCAAAAAAAAP9b85aBtbiIQTGjNKU4P08vOT+vOD8nVc83PyU1x6OyILUoJzMv2y+/JJUBAhiZGBgqihhk0NSjKDWzXb3RdlLBUSYGJk8GtpzUvPSSDB8G5tKinBIGIZ+sxLJE/ZzEvHT94JKizLx0a6BxUmjGOUNodHsLgAzWEgZu/dLi1CL9xJTczDwAj6GcLcAAAAA=[0madmin
Running as SYSTEM
Building in workspace /var/jenkins_home/workspace/Automacao
[WS-CLEANUP] Deleting project workspace...
[WS-CLEANUP] Deferred wipeout is used...
[WS-CLEANUP] Done
using credential 1bf809e4-0054-4d97-8a33-f8bdcd5cab43
Cloning the remote Git repository
Cloning repository https://gitlab.cast.com.br/datasus/hemovida/hemovida-web-testes
 > git init /var/jenkins_home/workspace/Automacao # timeout=10
Fetching upstream changes from https://gitlab.cast.com.br/datasus/hemovida/hemovida-web-testes
 > git --version # timeout=10
using GIT_ASKPASS to set credentials 
 > git fetch --tags --progress https://gitlab.cast.com.br/datasus/hemovida/hemovida-web-testes +refs/heads/*:refs/remotes/TESTE/*
 > git config remote.TESTE.url https://gitlab.cast.com.br/datasus/hemovida/hemovida-web-testes # timeout=10
 > git config --add remote.TESTE.fetch +refs/heads/*:refs/remotes/TESTE/* # timeout=10
 > git config remote.TESTE.url https://gitlab.cast.com.br/datasus/hemovida/hemovida-web-testes # timeout=10
Fetching upstream changes from https://gitlab.cast.com.br/datasus/hemovida/hemovida-web-testes
using GIT_ASKPASS to set credentials 
 > git fetch --tags --progress https://gitlab.cast.com.br/datasus/hemovida/hemovida-web-testes +refs/heads/*:refs/remotes/TESTE/*
 > git rev-parse refs/remotes/TESTE/master^{commit} # timeout=10
 > git rev-parse refs/remotes/TESTE/TESTE/master^{commit} # timeout=10
Checking out Revision 2fd64091c6c00d400f12d689c39511f3d60d2670 (refs/remotes/TESTE/master)
 > git config core.sparsecheckout # timeout=10
 > git checkout -f 2fd64091c6c00d400f12d689c39511f3d60d2670
Commit message: ""
First time build. Skipping changelog.
Xvfb starting$ /usr/bin/Xvfb :1 -fbdir /var/jenkins_home/xvfb-82-..fbdir1022715238506882378
Katalon Studio package has been downloaded already.
Using Katalon Studio at /var/jenkins_home/.katalon/5.10.1/Katalon_Studio_Linux_64-5.10.1
Execute [sh, -c, /var/jenkins_home/.katalon/5.10.1/Katalon_Studio_Linux_64-5.10.1/katalon -noSplash  -runMode=console   -noSplash -projectPath="$WORKSPACE/$TEST_SUITES.prj" -retry=0 -testSuitePath="Test Suites/$TEST_SUITES" -browserType="Chrome" -reportFolder="$WORKSPACE/Reports" -reportFileName="report" -executionProfile="default" -g_branch=${BRANCH} ] in /tmp/katalon-1800520482482244678
Request sent successfully.
Delete folder: bin
Delete folder: Libs
Opening project file: /var/jenkins_home/workspace/Automacao/Hemovida.prj
[EL Warning]: 2019-05-02 11:06:38.627--Ignoring attribute [lastRun] on class [TestSuiteEntity] as no Property was generated for it.
Starting Groovy-Eclipse compiler resolver.  Specified compiler level: unspecified
166 2.4.7.xx-201611170128-e46 = ACTIVE
Parsing custom keywords...
Generating global variables...
Project 'Hemovida' opened

--------------------------------------------------------------------------------
Test Suites/Hemovida - Chrome - 20190502_110652..........................0/1(0%)
--------------------------------------------------------------------------------

Request sent successfully.
2019-05-02 11:06:58.187 INFO  c.k.katalon.core.main.TestSuiteExecutor  - START Test Suites/Hemovida
2019-05-02 11:06:58.281 INFO  c.k.katalon.core.main.TestSuiteExecutor  - hostName = root - b6d3bcbc89bc
2019-05-02 11:06:58.282 INFO  c.k.katalon.core.main.TestSuiteExecutor  - os = Linux 64bit
2019-05-02 11:06:58.282 INFO  c.k.katalon.core.main.TestSuiteExecutor  - hostAddress = 172.19.0.2
2019-05-02 11:06:58.296 INFO  c.k.katalon.core.main.TestSuiteExecutor  - katalonVersion = 5.10.1.1
2019-05-02 11:06:58.729 INFO  c.k.katalon.core.main.TestCaseExecutor   - --------------------
2019-05-02 11:06:58.730 INFO  c.k.katalon.core.main.TestCaseExecutor   - START Test Cases/LoginTest
2019-05-02 11:06:59.422 DEBUG testcase.LoginTest                       - 1: openBrowser("")
2019-05-02 11:07:01.559 INFO  c.k.k.core.webui.driver.DriverFactory    - Starting 'Chrome' driver
2019-05-02 11:07:01.644 INFO  c.k.k.core.webui.driver.DriverFactory    - Action delay is set to 0 seconds

--------------------------------------------------------------------------------
Test Suites/Hemovida - Chrome - 20190502_110652..........................0/1(0%)
--------------------------------------------------------------------------------


--------------------------------------------------------------------------------
Test Suites/Hemovida - Chrome - 20190502_110652..........................0/1(0%)
--------------------------------------------------------------------------------

2019-05-02 11:07:37.146 INFO  c.k.k.core.webui.driver.DriverFactory    - sessionId = ffec4d0fc58ffd8491431db1fb0658d6
2019-05-02 11:07:37.237 INFO  c.k.k.core.webui.driver.DriverFactory    - browser = Chrome 74.0.3729.108
2019-05-02 11:07:37.238 INFO  c.k.k.core.webui.driver.DriverFactory    - platform = Linux
2019-05-02 11:07:37.239 INFO  c.k.k.core.webui.driver.DriverFactory    - seleniumVersion = 3.141.59
2019-05-02 11:07:37.241 INFO  c.k.k.core.webui.driver.DriverFactory    - proxyInformation = ProxyInformation{proxyOption=NO_PROXY, proxyServerType=HTTP, password=, proxyServerAddress=, proxyServerPort=0}
2019-05-02 11:07:37.244 DEBUG testcase.LoginTest                       - 2: navigateToUrl("http://" + branch + ".hemovida.cast.com.br/")

--------------------------------------------------------------------------------
Test Suites/Hemovida - Chrome - 20190502_110652..........................0/1(0%)
--------------------------------------------------------------------------------

2019-05-02 11:07:41.783 DEBUG testcase.LoginTest                       - 3: setText(findTestObject("Page_Hemovida/input__email"), "wilbert.joosen@saude.gov.br")

--------------------------------------------------------------------------------
Test Suites/Hemovida - Chrome - 20190502_110652..........................0/1(0%)
--------------------------------------------------------------------------------


--------------------------------------------------------------------------------
Test Suites/Hemovida - Chrome - 20190502_110652..........................0/1(0%)
--------------------------------------------------------------------------------

2019-05-02 11:08:13.867 INFO  c.k.k.c.webui.common.WebUiCommonHelper   - Unable to find the element located by 'By.xpath: //input[@type = 'text' and @id = 'email' and @name = 'email']'. Please recheck the objects properties to make sure the desired element is located. 
2019-05-02 11:08:14.337 ERROR c.k.k.core.keyword.internal.KeywordMain  - ‚ùå Unable to set text 'wilbert.joosen@saude.gov.br' of object 'Object Repository/Page_Hemovida/input__email' (Root cause: com.kms.katalon.core.webui.exception.WebElementNotFoundException: Web element with id: 'Object Repository/Page_Hemovida/input__email' located by 'By.xpath: //input[@type = 'text' and @id = 'email' and @name = 'email']' not found)
2019-05-02 11:08:14.400 ERROR c.k.katalon.core.main.TestCaseExecutor   - ‚ùå setText(findTestObject("Page_Hemovida/input__email"), "wilbert.joosen@saude.gov.br") FAILED.
Reason:
com.kms.katalon.core.exception.StepFailedException: Unable to set text 'wilbert.joosen@saude.gov.br' of object 'Object Repository/Page_Hemovida/input__email' (Root cause: com.kms.katalon.core.webui.exception.WebElementNotFoundException: Web element with id: 'Object Repository/Page_Hemovida/input__email' located by 'By.xpath: //input[@type = 'text' and @id = 'email' and @name = 'email']' not found)
	at com.kms.katalon.core.keyword.internal.KeywordMain.stepFailed(KeywordMain.groovy:36)
	at com.kms.katalon.core.webui.keyword.internal.WebUIKeywordMain.stepFailed(WebUIKeywordMain.groovy:65)
	at com.kms.katalon.core.webui.keyword.internal.WebUIKeywordMain.runKeyword(WebUIKeywordMain.groovy:27)
	at com.kms.katalon.core.webui.keyword.builtin.SetTextKeyword.setText(SetTextKeyword.groovy:65)
	at com.kms.katalon.core.webui.keyword.builtin.SetTextKeyword.execute(SetTextKeyword.groovy:37)
	at com.kms.katalon.core.keyword.internal.KeywordExecutor.executeKeywordForPlatform(KeywordExecutor.groovy:53)
	at com.kms.katalon.core.webui.keyword.WebUiBuiltInKeywords.setText(WebUiBuiltInKeywords.groovy:950)
	at com.kms.katalon.core.webui.keyword.WebUiBuiltInKeywords$setText$1.call(Unknown Source)
	at LoginTest.run(LoginTest:23)
	at com.kms.katalon.core.main.ScriptEngine.run(ScriptEngine.java:194)
	at com.kms.katalon.core.main.ScriptEngine.runScriptAsRawText(ScriptEngine.java:119)
	at com.kms.katalon.core.main.TestCaseExecutor.runScript(TestCaseExecutor.java:328)
	at com.kms.katalon.core.main.TestCaseExecutor.doExecute(TestCaseExecutor.java:319)
	at com.kms.katalon.core.main.TestCaseExecutor.processExecutionPhase(TestCaseExecutor.java:298)
	at com.kms.katalon.core.main.TestCaseExecutor.accessMainPhase(TestCaseExecutor.java:290)
	at com.kms.katalon.core.main.TestCaseExecutor.execute(TestCaseExecutor.java:224)
	at com.kms.katalon.core.main.TestSuiteExecutor.accessTestCaseMainPhase(TestSuiteExecutor.java:129)
	at com.kms.katalon.core.main.TestSuiteExecutor.accessTestSuiteMainPhase(TestSuiteExecutor.java:112)
	at com.kms.katalon.core.main.TestSuiteExecutor.execute(TestSuiteExecutor.java:81)
	at com.kms.katalon.core.main.TestCaseMain.startTestSuite(TestCaseMain.java:149)
	at com.kms.katalon.core.main.TestCaseMain$startTestSuite$0.call(Unknown Source)
	at TempTestSuite1556795212456.run(TempTestSuite1556795212456.groovy:36)

2019-05-02 11:08:14.402 ERROR c.k.katalon.core.main.TestCaseExecutor   - ‚ùå Test Cases/LoginTest FAILED.
Reason:
com.kms.katalon.core.exception.StepFailedException: Unable to set text 'wilbert.joosen@saude.gov.br' of object 'Object Repository/Page_Hemovida/input__email' (Root cause: com.kms.katalon.core.webui.exception.WebElementNotFoundException: Web element with id: 'Object Repository/Page_Hemovida/input__email' located by 'By.xpath: //input[@type = 'text' and @id = 'email' and @name = 'email']' not found)
	at com.kms.katalon.core.keyword.internal.KeywordMain.stepFailed(KeywordMain.groovy:36)
	at com.kms.katalon.core.webui.keyword.internal.WebUIKeywordMain.stepFailed(WebUIKeywordMain.groovy:65)
	at com.kms.katalon.core.webui.keyword.internal.WebUIKeywordMain.runKeyword(WebUIKeywordMain.groovy:27)
	at com.kms.katalon.core.webui.keyword.builtin.SetTextKeyword.setText(SetTextKeyword.groovy:65)
	at com.kms.katalon.core.webui.keyword.builtin.SetTextKeyword.execute(SetTextKeyword.groovy:37)
	at com.kms.katalon.core.keyword.internal.KeywordExecutor.executeKeywordForPlatform(KeywordExecutor.groovy:53)
	at com.kms.katalon.core.webui.keyword.WebUiBuiltInKeywords.setText(WebUiBuiltInKeywords.groovy:950)
	at com.kms.katalon.core.webui.keyword.WebUiBuiltInKeywords$setText$1.call(Unknown Source)
	at LoginTest.run(LoginTest:23)
	at com.kms.katalon.core.main.ScriptEngine.run(ScriptEngine.java:194)
	at com.kms.katalon.core.main.ScriptEngine.runScriptAsRawText(ScriptEngine.java:119)
	at com.kms.katalon.core.main.TestCaseExecutor.runScript(TestCaseExecutor.java:328)
	at com.kms.katalon.core.main.TestCaseExecutor.doExecute(TestCaseExecutor.java:319)
	at com.kms.katalon.core.main.TestCaseExecutor.processExecutionPhase(TestCaseExecutor.java:298)
	at com.kms.katalon.core.main.TestCaseExecutor.accessMainPhase(TestCaseExecutor.java:290)
	at com.kms.katalon.core.main.TestCaseExecutor.execute(TestCaseExecutor.java:224)
	at com.kms.katalon.core.main.TestSuiteExecutor.accessTestCaseMainPhase(TestSuiteExecutor.java:129)
	at com.kms.katalon.core.main.TestSuiteExecutor.accessTestSuiteMainPhase(TestSuiteExecutor.java:112)
	at com.kms.katalon.core.main.TestSuiteExecutor.execute(TestSuiteExecutor.java:81)
	at com.kms.katalon.core.main.TestCaseMain.startTestSuite(TestCaseMain.java:149)
	at com.kms.katalon.core.main.TestCaseMain$startTestSuite$0.call(Unknown Source)
	at TempTestSuite1556795212456.run(TempTestSuite1556795212456.groovy:36)

2019-05-02 11:08:14.420 INFO  c.k.katalon.core.main.TestCaseExecutor   - END Test Cases/LoginTest
2019-05-02 11:08:14.944 INFO  c.k.katalon.core.main.TestSuiteExecutor  - --------------------
2019-05-02 11:08:14.944 INFO  c.k.katalon.core.main.TestSuiteExecutor  - END Test Suites/Hemovida
2019-05-02 11:08:14.944 INFO  c.k.katalon.core.main.TestSuiteExecutor  - ====================
Copying report to folder /var/jenkins_home/workspace/Automacao/Reports...

--------------------------------------------------------------------------------
Test Suites/Hemovida - Chrome - 20190502_110652........................1/1(100%)
--------------------------------------------------------------------------------

May 02, 2019 11:07:01 AM org.openqa.selenium.remote.DesiredCapabilities chrome
INFO: Using `new ChromeOptions()` is preferred to `DesiredCapabilities.chrome()`
Starting ChromeDriver 2.43.600233 (523efee95e3d68b8719b3a1c83051aa63aa6b10d) on port 13392
Only local connections are allowed.
[1556795223.239][SEVERE]: bind() returned an error, errno=0: Cannot assign requested address (99)
[1556795250.352][WARNING]: Timed out connecting to Chrome, retrying...
May 02, 2019 11:07:37 AM org.openqa.selenium.remote.ProtocolHandshake createSession
INFO: Detected dialect: OSS
Build step 'Execute Katalon Studio Tests' marked build as failure
Xvfb stopping
Recording test results
Finished: FAILURE
