Started by user [8mha:////4FN88H8RrhTBzIF+lJAjMLBc7u8Svt/xokmPCiLj+FzmAAAAlx+LCAAAAAAAAP9b85aBtbiIQTGjNKU4P08vOT+vOD8nVc83PyU1x6OyILUoJzMv2y+/JJUBAhiZGBgqihhk0NSjKDWzXb3RdlLBUSYGJk8GtpzUvPSSDB8G5tKinBIGIZ+sxLJE/ZzEvHT94JKizLx0a6BxUmjGOUNodHsLgAzWEgZu/dLi1CL9xJTczDwAj6GcLcAAAAA=[0madmin
Building in workspace /var/jenkins_home/workspace/Automacao
[WS-CLEANUP] Deleting project workspace...
[WS-CLEANUP] Deferred wipeout is used...
[WS-CLEANUP] Done
using credential 1bf809e4-0054-4d97-8a33-f8bdcd5cab43
Cloning the remote Git repository
Cloning repository https://gitlab.cast.com.br/datasus/hemovida/hemovida-web-testes
 > git init /var/jenkins_home/workspace/Automacao # timeout=10
Fetching upstream changes from https://gitlab.cast.com.br/datasus/hemovida/hemovida-web-testes
 > git --version # timeout=10
using GIT_ASKPASS to set credentials 
 > git fetch --tags --progress https://gitlab.cast.com.br/datasus/hemovida/hemovida-web-testes +refs/heads/*:refs/remotes/origin/*
 > git config remote.origin.url https://gitlab.cast.com.br/datasus/hemovida/hemovida-web-testes # timeout=10
 > git config --add remote.origin.fetch +refs/heads/*:refs/remotes/origin/* # timeout=10
 > git config remote.origin.url https://gitlab.cast.com.br/datasus/hemovida/hemovida-web-testes # timeout=10
Fetching upstream changes from https://gitlab.cast.com.br/datasus/hemovida/hemovida-web-testes
using GIT_ASKPASS to set credentials 
 > git fetch --tags --progress https://gitlab.cast.com.br/datasus/hemovida/hemovida-web-testes +refs/heads/*:refs/remotes/origin/*
 > git rev-parse refs/remotes/origin/master^{commit} # timeout=10
 > git rev-parse refs/remotes/origin/origin/master^{commit} # timeout=10
Checking out Revision 1a2ef0b7b5c2f78245a190dbae1dfdbd6e545889 (refs/remotes/origin/master)
 > git config core.sparsecheckout # timeout=10
 > git checkout -f 1a2ef0b7b5c2f78245a190dbae1dfdbd6e545889
Commit message: "no message"
 > git rev-list --no-walk 1a2ef0b7b5c2f78245a190dbae1dfdbd6e545889 # timeout=10
[Automacao] $ /bin/sh -xe /tmp/jenkins3260955595345812874.sh
+ cd /katalon
+ ./katalon --args -runMode=console -noSplash -projectPath=/var/jenkins_home/workspace/Automacao/Hemovida.prj -retry=0 -testSuitePath=Test Suites/Hemovida -browserType=Firefox -reportFolder=/var/jenkins_home/workspace/Automacao/Reports -reportFileName=report -executionProfile=default -G_branch=master
Delete folder: bin
Delete folder: Libs
Opening project file: /var/jenkins_home/workspace/Automacao/Hemovida.prj
Starting Groovy-Eclipse compiler resolver.  Specified compiler level: unspecified
169 2.4.7.xx-201611170128-e46 = ACTIVE
Generating global variables...
Parsing custom keywords...
Project 'Hemovida' opened

--------------------------------------------------------------------------------
Test Suites/Hemovida - Firefox - 20190327_175611.........................0/1(0%)
--------------------------------------------------------------------------------

SLF4J: Class path contains multiple SLF4J bindings.
SLF4J: Found binding in [jar:file:/katalon/plugins/ch.qos.logback.classic_1.2.3.jar!/org/slf4j/impl/StaticLoggerBinder.class]
SLF4J: Found binding in [jar:file:/katalon/configuration/resources/lib/slf4j-simple-1.7.2.jar!/org/slf4j/impl/StaticLoggerBinder.class]
SLF4J: See http://www.slf4j.org/codes.html#multiple_bindings for an explanation.
SLF4J: Actual binding is of type [ch.qos.logback.classic.util.ContextSelectorStaticBinder]
2019-03-27 17:56:15.823 INFO  c.k.katalon.core.main.TestSuiteExecutor  - START Test Suites/Hemovida
2019-03-27 17:56:15.938 INFO  c.k.katalon.core.main.TestSuiteExecutor  - hostName = root - b1a0ac21ffdc
2019-03-27 17:56:15.939 INFO  c.k.katalon.core.main.TestSuiteExecutor  - os = Linux 64bit
2019-03-27 17:56:15.939 INFO  c.k.katalon.core.main.TestSuiteExecutor  - hostAddress = 172.19.0.2
2019-03-27 17:56:15.959 INFO  c.k.katalon.core.main.TestSuiteExecutor  - katalonVersion = 6.1.0.1
2019-03-27 17:56:16.340 INFO  c.k.katalon.core.main.TestCaseExecutor   - --------------------
2019-03-27 17:56:16.340 INFO  c.k.katalon.core.main.TestCaseExecutor   - START Test Cases/LoginTest
2019-03-27 17:56:16.933 DEBUG testcase.LoginTest                       - 1: System.setProperty("webdriver.chrome.driver", "/usr/bin/chromedriver")
2019-03-27 17:56:16.934 DEBUG testcase.LoginTest                       - 2: System.setProperty("webdriver.firefox.driver", "/usr/bin/firefox")
2019-03-27 17:56:16.935 DEBUG testcase.LoginTest                       - 3: openBrowser("http://" + G_branch + ".hemovida.cast.com.br/")
2019-03-27 17:56:17.588 INFO  c.k.k.core.webui.driver.DriverFactory    - Starting 'Firefox' driver
Mar 27, 2019 5:56:17 PM org.openqa.selenium.remote.DesiredCapabilities firefox
INFO: Using `new FirefoxOptions()` is preferred to `DesiredCapabilities.firefox()`
2019-03-27 17:56:18.824 INFO  c.k.k.core.webui.driver.DriverFactory    - Action delay is set to 0 seconds
2019-03-27 17:56:20.026 ERROR c.k.k.core.keyword.internal.KeywordMain  - ‚ùå Unable to open browser with url: 'http://develop.hemovida.cast.com.br/' (Root cause: com.kms.katalon.core.exception.StepFailedException: Unable to open browser with url: 'http://develop.hemovida.cast.com.br/'
	at com.kms.katalon.core.webui.keyword.internal.WebUIKeywordMain.stepFailed(WebUIKeywordMain.groovy:64)
	at com.kms.katalon.core.webui.keyword.internal.WebUIKeywordMain.runKeyword(WebUIKeywordMain.groovy:26)
	at com.kms.katalon.core.webui.keyword.builtin.OpenBrowserKeyword.openBrowser(OpenBrowserKeyword.groovy:81)
	at com.kms.katalon.core.webui.keyword.builtin.OpenBrowserKeyword.execute(OpenBrowserKeyword.groovy:67)
	at com.kms.katalon.core.keyword.internal.KeywordExecutor.executeKeywordForPlatform(KeywordExecutor.groovy:56)
	at com.kms.katalon.core.webui.keyword.WebUiBuiltInKeywords.openBrowser(WebUiBuiltInKeywords.groovy:60)
	at com.kms.katalon.core.webui.keyword.WebUiBuiltInKeywords$openBrowser.call(Unknown Source)
	at LoginTest.run(LoginTest:22)
	at com.kms.katalon.core.main.ScriptEngine.run(ScriptEngine.java:194)
	at com.kms.katalon.core.main.ScriptEngine.runScriptAsRawText(ScriptEngine.java:119)
	at com.kms.katalon.core.main.TestCaseExecutor.runScript(TestCaseExecutor.java:331)
	at com.kms.katalon.core.main.TestCaseExecutor.doExecute(TestCaseExecutor.java:322)
	at com.kms.katalon.core.main.TestCaseExecutor.processExecutionPhase(TestCaseExecutor.java:301)
	at com.kms.katalon.core.main.TestCaseExecutor.accessMainPhase(TestCaseExecutor.java:293)
	at com.kms.katalon.core.main.TestCaseExecutor.execute(TestCaseExecutor.java:227)
	at com.kms.katalon.core.main.TestSuiteExecutor.accessTestCaseMainPhase(TestSuiteExecutor.java:129)
	at com.kms.katalon.core.main.TestSuiteExecutor.accessTestSuiteMainPhase(TestSuiteExecutor.java:112)
	at com.kms.katalon.core.main.TestSuiteExecutor.execute(TestSuiteExecutor.java:81)
	at com.kms.katalon.core.main.TestCaseMain.startTestSuite(TestCaseMain.java:157)
	at com.kms.katalon.core.main.TestCaseMain$startTestSuite$0.call(Unknown Source)
	at TempTestSuite1553709371128.run(TempTestSuite1553709371128.groovy:35)
Caused by: org.openqa.selenium.WebDriverException: Cannot find firefox binary in PATH. Make sure firefox is installed. OS appears to be: LINUX
Build info: version: '3.141.59', revision: 'e82be7d358', time: '2018-11-14T08:25:53'
System info: host: 'b1a0ac21ffdc', ip: '172.19.0.2', os.name: 'Linux', os.arch: 'amd64', os.version: '4.9.125-linuxkit', java.version: '1.8.0_191'
Driver info: driver.version: unknown
	at com.kms.katalon.core.webui.util.FirefoxExecutable.getFirefoxBinaryFile(FirefoxExecutable.java:86)
	at com.kms.katalon.core.webui.util.FirefoxExecutable.getFirefoxVersion(FirefoxExecutable.java:35)
	at com.kms.katalon.core.webui.driver.DriverFactory.createNewFirefoxDriver(DriverFactory.java:422)
	at com.kms.katalon.core.webui.driver.DriverFactory.startNewBrowser(DriverFactory.java:234)
	at com.kms.katalon.core.webui.driver.DriverFactory.openWebDriver(DriverFactory.java:188)
	at com.kms.katalon.core.webui.keyword.builtin.OpenBrowserKeyword$_openBrowser_closure1.doCall(OpenBrowserKeyword.groovy:74)
	at com.kms.katalon.core.webui.keyword.builtin.OpenBrowserKeyword$_openBrowser_closure1.call(OpenBrowserKeyword.groovy)
	at com.kms.katalon.core.webui.keyword.internal.WebUIKeywordMain.runKeyword(WebUIKeywordMain.groovy:20)
	at com.kms.katalon.core.webui.keyword.builtin.OpenBrowserKeyword.openBrowser(OpenBrowserKeyword.groovy:81)
	at com.kms.katalon.core.webui.keyword.builtin.OpenBrowserKeyword.execute(OpenBrowserKeyword.groovy:67)
	at com.kms.katalon.core.keyword.internal.KeywordExecutor.executeKeywordForPlatform(KeywordExecutor.groovy:56)
	at com.kms.katalon.core.webui.keyword.WebUiBuiltInKeywords.openBrowser(WebUiBuiltInKeywords.groovy:60)
	at com.kms.katalon.core.webui.keyword.WebUiBuiltInKeywords$openBrowser.call(Unknown Source)
	at Script1553214235534.run(Script1553214235534.groovy:22)
	... 13 more
)
2019-03-27 17:56:20.034 ERROR c.k.katalon.core.main.TestCaseExecutor   - ‚ùå openBrowser("http://" + G_branch + ".hemovida.cast.com.br/") FAILED.
Reason:
com.kms.katalon.core.exception.StepFailedException: Unable to open browser with url: 'http://develop.hemovida.cast.com.br/'
	at com.kms.katalon.core.webui.keyword.internal.WebUIKeywordMain.stepFailed(WebUIKeywordMain.groovy:64)
	at com.kms.katalon.core.webui.keyword.internal.WebUIKeywordMain.runKeyword(WebUIKeywordMain.groovy:26)
	at com.kms.katalon.core.webui.keyword.builtin.OpenBrowserKeyword.openBrowser(OpenBrowserKeyword.groovy:81)
	at com.kms.katalon.core.webui.keyword.builtin.OpenBrowserKeyword.execute(OpenBrowserKeyword.groovy:67)
	at com.kms.katalon.core.keyword.internal.KeywordExecutor.executeKeywordForPlatform(KeywordExecutor.groovy:56)
	at com.kms.katalon.core.webui.keyword.WebUiBuiltInKeywords.openBrowser(WebUiBuiltInKeywords.groovy:60)
	at com.kms.katalon.core.webui.keyword.WebUiBuiltInKeywords$openBrowser.call(Unknown Source)
	at LoginTest.run(LoginTest:22)
	at com.kms.katalon.core.main.ScriptEngine.run(ScriptEngine.java:194)
	at com.kms.katalon.core.main.ScriptEngine.runScriptAsRawText(ScriptEngine.java:119)
	at com.kms.katalon.core.main.TestCaseExecutor.runScript(TestCaseExecutor.java:331)
	at com.kms.katalon.core.main.TestCaseExecutor.doExecute(TestCaseExecutor.java:322)
	at com.kms.katalon.core.main.TestCaseExecutor.processExecutionPhase(TestCaseExecutor.java:301)
	at com.kms.katalon.core.main.TestCaseExecutor.accessMainPhase(TestCaseExecutor.java:293)
	at com.kms.katalon.core.main.TestCaseExecutor.execute(TestCaseExecutor.java:227)
	at com.kms.katalon.core.main.TestSuiteExecutor.accessTestCaseMainPhase(TestSuiteExecutor.java:129)
	at com.kms.katalon.core.main.TestSuiteExecutor.accessTestSuiteMainPhase(TestSuiteExecutor.java:112)
	at com.kms.katalon.core.main.TestSuiteExecutor.execute(TestSuiteExecutor.java:81)
	at com.kms.katalon.core.main.TestCaseMain.startTestSuite(TestCaseMain.java:157)
	at com.kms.katalon.core.main.TestCaseMain$startTestSuite$0.call(Unknown Source)
	at TempTestSuite1553709371128.run(TempTestSuite1553709371128.groovy:35)
Caused by: org.openqa.selenium.WebDriverException: Cannot find firefox binary in PATH. Make sure firefox is installed. OS appears to be: LINUX
Build info: version: '3.141.59', revision: 'e82be7d358', time: '2018-11-14T08:25:53'
System info: host: 'b1a0ac21ffdc', ip: '172.19.0.2', os.name: 'Linux', os.arch: 'amd64', os.version: '4.9.125-linuxkit', java.version: '1.8.0_191'
Driver info: driver.version: unknown
	at com.kms.katalon.core.webui.util.FirefoxExecutable.getFirefoxBinaryFile(FirefoxExecutable.java:86)
	at com.kms.katalon.core.webui.util.FirefoxExecutable.getFirefoxVersion(FirefoxExecutable.java:35)
	at com.kms.katalon.core.webui.driver.DriverFactory.createNewFirefoxDriver(DriverFactory.java:422)
	at com.kms.katalon.core.webui.driver.DriverFactory.startNewBrowser(DriverFactory.java:234)
	at com.kms.katalon.core.webui.driver.DriverFactory.openWebDriver(DriverFactory.java:188)
	at com.kms.katalon.core.webui.keyword.builtin.OpenBrowserKeyword$_openBrowser_closure1.doCall(OpenBrowserKeyword.groovy:74)
	at com.kms.katalon.core.webui.keyword.builtin.OpenBrowserKeyword$_openBrowser_closure1.call(OpenBrowserKeyword.groovy)
	at com.kms.katalon.core.webui.keyword.internal.WebUIKeywordMain.runKeyword(WebUIKeywordMain.groovy:20)
	at com.kms.katalon.core.webui.keyword.builtin.OpenBrowserKeyword.openBrowser(OpenBrowserKeyword.groovy:81)
	at com.kms.katalon.core.webui.keyword.builtin.OpenBrowserKeyword.execute(OpenBrowserKeyword.groovy:67)
	at com.kms.katalon.core.keyword.internal.KeywordExecutor.executeKeywordForPlatform(KeywordExecutor.groovy:56)
	at com.kms.katalon.core.webui.keyword.WebUiBuiltInKeywords.openBrowser(WebUiBuiltInKeywords.groovy:60)
	at com.kms.katalon.core.webui.keyword.WebUiBuiltInKeywords$openBrowser.call(Unknown Source)
	at Script1553214235534.run(Script1553214235534.groovy:22)
	... 13 more

2019-03-27 17:56:20.042 ERROR c.k.katalon.core.main.TestCaseExecutor   - ‚ùå Test Cases/LoginTest FAILED.
Reason:
com.kms.katalon.core.exception.StepFailedException: Unable to open browser with url: 'http://develop.hemovida.cast.com.br/'
	at com.kms.katalon.core.webui.keyword.internal.WebUIKeywordMain.stepFailed(WebUIKeywordMain.groovy:64)
	at com.kms.katalon.core.webui.keyword.internal.WebUIKeywordMain.runKeyword(WebUIKeywordMain.groovy:26)
	at com.kms.katalon.core.webui.keyword.builtin.OpenBrowserKeyword.openBrowser(OpenBrowserKeyword.groovy:81)
	at com.kms.katalon.core.webui.keyword.builtin.OpenBrowserKeyword.execute(OpenBrowserKeyword.groovy:67)
	at com.kms.katalon.core.keyword.internal.KeywordExecutor.executeKeywordForPlatform(KeywordExecutor.groovy:56)
	at com.kms.katalon.core.webui.keyword.WebUiBuiltInKeywords.openBrowser(WebUiBuiltInKeywords.groovy:60)
	at com.kms.katalon.core.webui.keyword.WebUiBuiltInKeywords$openBrowser.call(Unknown Source)
	at LoginTest.run(LoginTest:22)
	at com.kms.katalon.core.main.ScriptEngine.run(ScriptEngine.java:194)
	at com.kms.katalon.core.main.ScriptEngine.runScriptAsRawText(ScriptEngine.java:119)
	at com.kms.katalon.core.main.TestCaseExecutor.runScript(TestCaseExecutor.java:331)
	at com.kms.katalon.core.main.TestCaseExecutor.doExecute(TestCaseExecutor.java:322)
	at com.kms.katalon.core.main.TestCaseExecutor.processExecutionPhase(TestCaseExecutor.java:301)
	at com.kms.katalon.core.main.TestCaseExecutor.accessMainPhase(TestCaseExecutor.java:293)
	at com.kms.katalon.core.main.TestCaseExecutor.execute(TestCaseExecutor.java:227)
	at com.kms.katalon.core.main.TestSuiteExecutor.accessTestCaseMainPhase(TestSuiteExecutor.java:129)
	at com.kms.katalon.core.main.TestSuiteExecutor.accessTestSuiteMainPhase(TestSuiteExecutor.java:112)
	at com.kms.katalon.core.main.TestSuiteExecutor.execute(TestSuiteExecutor.java:81)
	at com.kms.katalon.core.main.TestCaseMain.startTestSuite(TestCaseMain.java:157)
	at com.kms.katalon.core.main.TestCaseMain$startTestSuite$0.call(Unknown Source)
	at TempTestSuite1553709371128.run(TempTestSuite1553709371128.groovy:35)
Caused by: org.openqa.selenium.WebDriverException: Cannot find firefox binary in PATH. Make sure firefox is installed. OS appears to be: LINUX
Build info: version: '3.141.59', revision: 'e82be7d358', time: '2018-11-14T08:25:53'
System info: host: 'b1a0ac21ffdc', ip: '172.19.0.2', os.name: 'Linux', os.arch: 'amd64', os.version: '4.9.125-linuxkit', java.version: '1.8.0_191'
Driver info: driver.version: unknown
	at com.kms.katalon.core.webui.util.FirefoxExecutable.getFirefoxBinaryFile(FirefoxExecutable.java:86)
	at com.kms.katalon.core.webui.util.FirefoxExecutable.getFirefoxVersion(FirefoxExecutable.java:35)
	at com.kms.katalon.core.webui.driver.DriverFactory.createNewFirefoxDriver(DriverFactory.java:422)
	at com.kms.katalon.core.webui.driver.DriverFactory.startNewBrowser(DriverFactory.java:234)
	at com.kms.katalon.core.webui.driver.DriverFactory.openWebDriver(DriverFactory.java:188)
	at com.kms.katalon.core.webui.keyword.builtin.OpenBrowserKeyword$_openBrowser_closure1.doCall(OpenBrowserKeyword.groovy:74)
	at com.kms.katalon.core.webui.keyword.builtin.OpenBrowserKeyword$_openBrowser_closure1.call(OpenBrowserKeyword.groovy)
	at com.kms.katalon.core.webui.keyword.internal.WebUIKeywordMain.runKeyword(WebUIKeywordMain.groovy:20)
	at com.kms.katalon.core.webui.keyword.builtin.OpenBrowserKeyword.openBrowser(OpenBrowserKeyword.groovy:81)
	at com.kms.katalon.core.webui.keyword.builtin.OpenBrowserKeyword.execute(OpenBrowserKeyword.groovy:67)
	at com.kms.katalon.core.keyword.internal.KeywordExecutor.executeKeywordForPlatform(KeywordExecutor.groovy:56)
	at com.kms.katalon.core.webui.keyword.WebUiBuiltInKeywords.openBrowser(WebUiBuiltInKeywords.groovy:60)
	at com.kms.katalon.core.webui.keyword.WebUiBuiltInKeywords$openBrowser.call(Unknown Source)
	at Script1553214235534.run(Script1553214235534.groovy:22)
	... 13 more

2019-03-27 17:56:20.054 INFO  c.k.katalon.core.main.TestCaseExecutor   - END Test Cases/LoginTest
2019-03-27 17:56:20.146 INFO  c.k.katalon.core.main.TestSuiteExecutor  - --------------------
2019-03-27 17:56:20.146 INFO  c.k.katalon.core.main.TestSuiteExecutor  - END Test Suites/Hemovida
2019-03-27 17:56:20.146 INFO  c.k.katalon.core.main.TestSuiteExecutor  - ====================
Copying report to folder /var/jenkins_home/workspace/Automacao/Reports...

--------------------------------------------------------------------------------
Test Suites/Hemovida - Firefox - 20190327_175611.......................1/1(100%)
--------------------------------------------------------------------------------

Build step 'Execute shell' marked build as failure
Recording test results
Finished: FAILURE
